{"C:\\Users\\lenovo\\OneDrive\\Documents\\Hactive\\phase3\\Final\\Final-Project-Holotiv8\\server\\app.js": {"path":"C:\\Users\\lenovo\\OneDrive\\Documents\\Hactive\\phase3\\Final\\Final-Project-Holotiv8\\server\\app.js","statementMap":{"0":{"start":{"line":1,"column":0},"end":{"line":3,"column":3}},"1":{"start":{"line":2,"column":4},"end":{"line":2,"column":30}},"2":{"start":{"line":5,"column":18},"end":{"line":5,"column":36}},"3":{"start":{"line":6,"column":14},"end":{"line":6,"column":23}},"4":{"start":{"line":7,"column":15},"end":{"line":7,"column":39}},"5":{"start":{"line":8,"column":15},"end":{"line":8,"column":30}},"6":{"start":{"line":9,"column":17},"end":{"line":9,"column":37}},"7":{"start":{"line":10,"column":23},"end":{"line":10,"column":63}},"8":{"start":{"line":12,"column":2},"end":{"line":12,"column":46}},"9":{"start":{"line":13,"column":2},"end":{"line":13,"column":25}},"10":{"start":{"line":14,"column":2},"end":{"line":14,"column":17}},"11":{"start":{"line":16,"column":2},"end":{"line":16,"column":22}},"12":{"start":{"line":17,"column":2},"end":{"line":17,"column":23}},"13":{"start":{"line":23,"column":2},"end":{"line":23,"column":21}}},"fnMap":{},"branchMap":{"0":{"loc":{"start":{"line":1,"column":0},"end":{"line":3,"column":3}},"type":"if","locations":[{"start":{"line":1,"column":0},"end":{"line":3,"column":3}},{"start":{},"end":{}}],"line":1},"1":{"loc":{"start":{"line":7,"column":15},"end":{"line":7,"column":39}},"type":"binary-expr","locations":[{"start":{"line":7,"column":15},"end":{"line":7,"column":31}},{"start":{"line":7,"column":35},"end":{"line":7,"column":39}}],"line":7}},"s":{"0":13,"1":13,"2":13,"3":13,"4":13,"5":13,"6":13,"7":13,"8":13,"9":13,"10":13,"11":13,"12":13,"13":13},"f":{},"b":{"0":[13,0],"1":[13,13]},"_coverageSchema":"1a1c01bbd47fc00a2c39e90264f33305004495a9","hash":"8b8bb3b1bd544cc58dd7ebd1600673c3e0ca9bee"}
,"C:\\Users\\lenovo\\OneDrive\\Documents\\Hactive\\phase3\\Final\\Final-Project-Holotiv8\\server\\controllers\\IdolController.js": {"path":"C:\\Users\\lenovo\\OneDrive\\Documents\\Hactive\\phase3\\Final\\Final-Project-Holotiv8\\server\\controllers\\IdolController.js","statementMap":{"0":{"start":{"line":1,"column":25},"end":{"line":1,"column":45}},"1":{"start":{"line":2,"column":14},"end":{"line":2,"column":30}},"2":{"start":{"line":3,"column":15},"end":{"line":3,"column":35}},"3":{"start":{"line":4,"column":24},"end":{"line":4,"column":53}},"4":{"start":{"line":5,"column":25},"end":{"line":5,"column":54}},"5":{"start":{"line":6,"column":28},"end":{"line":6,"column":61}},"6":{"start":{"line":10,"column":23},"end":{"line":10,"column":32}},"7":{"start":{"line":11,"column":26},"end":{"line":24,"column":5}},"8":{"start":{"line":27,"column":4},"end":{"line":35,"column":5}},"9":{"start":{"line":28,"column":20},"end":{"line":30,"column":9}},"10":{"start":{"line":28,"column":60},"end":{"line":30,"column":7}},"11":{"start":{"line":32,"column":6},"end":{"line":34,"column":8}},"12":{"start":{"line":36,"column":4},"end":{"line":41,"column":5}},"13":{"start":{"line":37,"column":19},"end":{"line":37,"column":52}},"14":{"start":{"line":38,"column":6},"end":{"line":38,"column":33}},"15":{"start":{"line":40,"column":6},"end":{"line":40,"column":18}},"16":{"start":{"line":44,"column":4},"end":{"line":66,"column":5}},"17":{"start":{"line":45,"column":19},"end":{"line":45,"column":29}},"18":{"start":{"line":46,"column":19},"end":{"line":59,"column":8}},"19":{"start":{"line":60,"column":6},"end":{"line":62,"column":7}},"20":{"start":{"line":61,"column":8},"end":{"line":61,"column":41}},"21":{"start":{"line":63,"column":6},"end":{"line":63,"column":33}},"22":{"start":{"line":65,"column":6},"end":{"line":65,"column":18}},"23":{"start":{"line":69,"column":4},"end":{"line":78,"column":5}},"24":{"start":{"line":70,"column":19},"end":{"line":74,"column":8}},"25":{"start":{"line":75,"column":6},"end":{"line":75,"column":33}},"26":{"start":{"line":77,"column":6},"end":{"line":77,"column":18}},"27":{"start":{"line":81,"column":24},"end":{"line":81,"column":34}},"28":{"start":{"line":82,"column":4},"end":{"line":87,"column":5}},"29":{"start":{"line":83,"column":20},"end":{"line":83,"column":52}},"30":{"start":{"line":84,"column":6},"end":{"line":84,"column":34}},"31":{"start":{"line":86,"column":6},"end":{"line":86,"column":18}},"32":{"start":{"line":90,"column":24},"end":{"line":90,"column":34}},"33":{"start":{"line":91,"column":4},"end":{"line":96,"column":5}},"34":{"start":{"line":92,"column":21},"end":{"line":92,"column":53}},"35":{"start":{"line":93,"column":6},"end":{"line":93,"column":35}},"36":{"start":{"line":95,"column":6},"end":{"line":95,"column":18}},"37":{"start":{"line":99,"column":24},"end":{"line":99,"column":34}},"38":{"start":{"line":101,"column":4},"end":{"line":106,"column":5}},"39":{"start":{"line":102,"column":21},"end":{"line":102,"column":57}},"40":{"start":{"line":103,"column":6},"end":{"line":103,"column":35}},"41":{"start":{"line":105,"column":6},"end":{"line":105,"column":18}},"42":{"start":{"line":110,"column":0},"end":{"line":110,"column":32}}},"fnMap":{"0":{"name":"(anonymous_0)","decl":{"start":{"line":9,"column":2},"end":{"line":9,"column":3}},"loc":{"start":{"line":9,"column":39},"end":{"line":42,"column":3}},"line":9},"1":{"name":"(anonymous_1)","decl":{"start":{"line":28,"column":49},"end":{"line":28,"column":50}},"loc":{"start":{"line":28,"column":60},"end":{"line":30,"column":7}},"line":28},"2":{"name":"(anonymous_2)","decl":{"start":{"line":43,"column":2},"end":{"line":43,"column":3}},"loc":{"start":{"line":43,"column":44},"end":{"line":67,"column":3}},"line":43},"3":{"name":"(anonymous_3)","decl":{"start":{"line":68,"column":2},"end":{"line":68,"column":3}},"loc":{"start":{"line":68,"column":44},"end":{"line":79,"column":3}},"line":68},"4":{"name":"(anonymous_4)","decl":{"start":{"line":80,"column":2},"end":{"line":80,"column":3}},"loc":{"start":{"line":80,"column":43},"end":{"line":88,"column":3}},"line":80},"5":{"name":"(anonymous_5)","decl":{"start":{"line":89,"column":2},"end":{"line":89,"column":3}},"loc":{"start":{"line":89,"column":43},"end":{"line":97,"column":3}},"line":89},"6":{"name":"(anonymous_6)","decl":{"start":{"line":98,"column":2},"end":{"line":98,"column":3}},"loc":{"start":{"line":98,"column":47},"end":{"line":107,"column":3}},"line":98}},"branchMap":{"0":{"loc":{"start":{"line":27,"column":4},"end":{"line":35,"column":5}},"type":"if","locations":[{"start":{"line":27,"column":4},"end":{"line":35,"column":5}},{"start":{},"end":{}}],"line":27},"1":{"loc":{"start":{"line":27,"column":8},"end":{"line":27,"column":54}},"type":"binary-expr","locations":[{"start":{"line":27,"column":8},"end":{"line":27,"column":21}},{"start":{"line":27,"column":25},"end":{"line":27,"column":54}}],"line":27},"2":{"loc":{"start":{"line":60,"column":6},"end":{"line":62,"column":7}},"type":"if","locations":[{"start":{"line":60,"column":6},"end":{"line":62,"column":7}},{"start":{},"end":{}}],"line":60}},"s":{"0":13,"1":13,"2":13,"3":13,"4":13,"5":13,"6":3,"7":3,"8":3,"9":1,"10":1,"11":1,"12":3,"13":3,"14":2,"15":1,"16":2,"17":2,"18":2,"19":2,"20":1,"21":1,"22":1,"23":2,"24":2,"25":1,"26":1,"27":2,"28":2,"29":2,"30":1,"31":1,"32":2,"33":2,"34":2,"35":1,"36":1,"37":2,"38":2,"39":2,"40":1,"41":1,"42":13},"f":{"0":3,"1":1,"2":2,"3":2,"4":2,"5":2,"6":2},"b":{"0":[1,2],"1":[3,3],"2":[1,1]},"_coverageSchema":"1a1c01bbd47fc00a2c39e90264f33305004495a9","hash":"422c67504295d00e2112392c9ade9dbbc699f99f"}
,"C:\\Users\\lenovo\\OneDrive\\Documents\\Hactive\\phase3\\Final\\Final-Project-Holotiv8\\server\\controllers\\UserContoller.js": {"path":"C:\\Users\\lenovo\\OneDrive\\Documents\\Hactive\\phase3\\Final\\Final-Project-Holotiv8\\server\\controllers\\UserContoller.js","statementMap":{"0":{"start":{"line":1,"column":17},"end":{"line":1,"column":37}},"1":{"start":{"line":2,"column":41},"end":{"line":2,"column":62}},"2":{"start":{"line":6,"column":4},"end":{"line":16,"column":5}},"3":{"start":{"line":7,"column":44},"end":{"line":7,"column":52}},"4":{"start":{"line":8,"column":19},"end":{"line":12,"column":8}},"5":{"start":{"line":13,"column":6},"end":{"line":13,"column":63}},"6":{"start":{"line":15,"column":6},"end":{"line":15,"column":18}},"7":{"start":{"line":20,"column":4},"end":{"line":37,"column":5}},"8":{"start":{"line":21,"column":34},"end":{"line":21,"column":42}},"9":{"start":{"line":22,"column":19},"end":{"line":22,"column":59}},"10":{"start":{"line":23,"column":6},"end":{"line":25,"column":7}},"11":{"start":{"line":24,"column":8},"end":{"line":24,"column":45}},"12":{"start":{"line":27,"column":31},"end":{"line":27,"column":71}},"13":{"start":{"line":28,"column":6},"end":{"line":30,"column":7}},"14":{"start":{"line":29,"column":8},"end":{"line":29,"column":45}},"15":{"start":{"line":32,"column":20},"end":{"line":32,"column":35}},"16":{"start":{"line":33,"column":27},"end":{"line":33,"column":47}},"17":{"start":{"line":34,"column":6},"end":{"line":34,"column":70}},"18":{"start":{"line":36,"column":6},"end":{"line":36,"column":18}},"19":{"start":{"line":41,"column":4},"end":{"line":52,"column":5}},"20":{"start":{"line":42,"column":21},"end":{"line":42,"column":29}},"21":{"start":{"line":43,"column":6},"end":{"line":48,"column":8}},"22":{"start":{"line":49,"column":6},"end":{"line":49,"column":66}},"23":{"start":{"line":51,"column":6},"end":{"line":51,"column":18}},"24":{"start":{"line":55,"column":0},"end":{"line":55,"column":32}}},"fnMap":{"0":{"name":"(anonymous_0)","decl":{"start":{"line":5,"column":2},"end":{"line":5,"column":3}},"loc":{"start":{"line":5,"column":40},"end":{"line":17,"column":3}},"line":5},"1":{"name":"(anonymous_1)","decl":{"start":{"line":19,"column":2},"end":{"line":19,"column":3}},"loc":{"start":{"line":19,"column":37},"end":{"line":38,"column":3}},"line":19},"2":{"name":"(anonymous_2)","decl":{"start":{"line":40,"column":2},"end":{"line":40,"column":3}},"loc":{"start":{"line":40,"column":41},"end":{"line":53,"column":3}},"line":40}},"branchMap":{"0":{"loc":{"start":{"line":23,"column":6},"end":{"line":25,"column":7}},"type":"if","locations":[{"start":{"line":23,"column":6},"end":{"line":25,"column":7}},{"start":{},"end":{}}],"line":23},"1":{"loc":{"start":{"line":28,"column":6},"end":{"line":30,"column":7}},"type":"if","locations":[{"start":{"line":28,"column":6},"end":{"line":30,"column":7}},{"start":{},"end":{}}],"line":28}},"s":{"0":13,"1":13,"2":10,"3":10,"4":10,"5":1,"6":9,"7":8,"8":8,"9":8,"10":8,"11":2,"12":6,"13":6,"14":1,"15":5,"16":5,"17":5,"18":3,"19":2,"20":2,"21":2,"22":1,"23":1,"24":13},"f":{"0":10,"1":8,"2":2},"b":{"0":[2,6],"1":[1,5]},"_coverageSchema":"1a1c01bbd47fc00a2c39e90264f33305004495a9","hash":"0d8b8ab8af6b0a188c2ee48d3433078b22b899e6"}
,"C:\\Users\\lenovo\\OneDrive\\Documents\\Hactive\\phase3\\Final\\Final-Project-Holotiv8\\server\\controllers\\favoriteController.js": {"path":"C:\\Users\\lenovo\\OneDrive\\Documents\\Hactive\\phase3\\Final\\Final-Project-Holotiv8\\server\\controllers\\favoriteController.js","statementMap":{"0":{"start":{"line":1,"column":15},"end":{"line":1,"column":35}},"1":{"start":{"line":2,"column":35},"end":{"line":2,"column":55}},"2":{"start":{"line":6,"column":4},"end":{"line":21,"column":5}},"3":{"start":{"line":7,"column":19},"end":{"line":7,"column":36}},"4":{"start":{"line":8,"column":21},"end":{"line":10,"column":8}},"5":{"start":{"line":11,"column":6},"end":{"line":13,"column":7}},"6":{"start":{"line":12,"column":8},"end":{"line":12,"column":41}},"7":{"start":{"line":14,"column":19},"end":{"line":14,"column":30}},"8":{"start":{"line":15,"column":17},"end":{"line":15,"column":58}},"9":{"start":{"line":16,"column":6},"end":{"line":18,"column":9}},"10":{"start":{"line":20,"column":6},"end":{"line":20,"column":18}},"11":{"start":{"line":24,"column":23},"end":{"line":24,"column":32}},"12":{"start":{"line":25,"column":17},"end":{"line":25,"column":28}},"13":{"start":{"line":26,"column":26},"end":{"line":47,"column":5}},"14":{"start":{"line":49,"column":4},"end":{"line":57,"column":5}},"15":{"start":{"line":50,"column":20},"end":{"line":52,"column":9}},"16":{"start":{"line":50,"column":60},"end":{"line":52,"column":7}},"17":{"start":{"line":54,"column":6},"end":{"line":56,"column":8}},"18":{"start":{"line":58,"column":4},"end":{"line":63,"column":5}},"19":{"start":{"line":59,"column":17},"end":{"line":59,"column":50}},"20":{"start":{"line":60,"column":6},"end":{"line":60,"column":33}},"21":{"start":{"line":62,"column":6},"end":{"line":62,"column":18}},"22":{"start":{"line":66,"column":4},"end":{"line":80,"column":5}},"23":{"start":{"line":67,"column":25},"end":{"line":67,"column":35}},"24":{"start":{"line":69,"column":17},"end":{"line":69,"column":62}},"25":{"start":{"line":70,"column":6},"end":{"line":72,"column":7}},"26":{"start":{"line":71,"column":8},"end":{"line":71,"column":41}},"27":{"start":{"line":73,"column":6},"end":{"line":73,"column":52}},"28":{"start":{"line":74,"column":6},"end":{"line":76,"column":74}},"29":{"start":{"line":78,"column":6},"end":{"line":78,"column":25}},"30":{"start":{"line":79,"column":6},"end":{"line":79,"column":18}},"31":{"start":{"line":84,"column":0},"end":{"line":84,"column":36}}},"fnMap":{"0":{"name":"(anonymous_0)","decl":{"start":{"line":5,"column":2},"end":{"line":5,"column":3}},"loc":{"start":{"line":5,"column":47},"end":{"line":22,"column":3}},"line":5},"1":{"name":"(anonymous_1)","decl":{"start":{"line":23,"column":2},"end":{"line":23,"column":3}},"loc":{"start":{"line":23,"column":48},"end":{"line":64,"column":3}},"line":23},"2":{"name":"(anonymous_2)","decl":{"start":{"line":50,"column":49},"end":{"line":50,"column":50}},"loc":{"start":{"line":50,"column":60},"end":{"line":52,"column":7}},"line":50},"3":{"name":"(anonymous_3)","decl":{"start":{"line":65,"column":2},"end":{"line":65,"column":3}},"loc":{"start":{"line":65,"column":46},"end":{"line":81,"column":3}},"line":65}},"branchMap":{"0":{"loc":{"start":{"line":11,"column":6},"end":{"line":13,"column":7}},"type":"if","locations":[{"start":{"line":11,"column":6},"end":{"line":13,"column":7}},{"start":{},"end":{}}],"line":11},"1":{"loc":{"start":{"line":49,"column":4},"end":{"line":57,"column":5}},"type":"if","locations":[{"start":{"line":49,"column":4},"end":{"line":57,"column":5}},{"start":{},"end":{}}],"line":49},"2":{"loc":{"start":{"line":49,"column":8},"end":{"line":49,"column":54}},"type":"binary-expr","locations":[{"start":{"line":49,"column":8},"end":{"line":49,"column":21}},{"start":{"line":49,"column":25},"end":{"line":49,"column":54}}],"line":49},"3":{"loc":{"start":{"line":70,"column":6},"end":{"line":72,"column":7}},"type":"if","locations":[{"start":{"line":70,"column":6},"end":{"line":72,"column":7}},{"start":{},"end":{}}],"line":70}},"s":{"0":13,"1":13,"2":2,"3":2,"4":2,"5":2,"6":1,"7":1,"8":1,"9":1,"10":1,"11":3,"12":3,"13":3,"14":3,"15":1,"16":1,"17":1,"18":3,"19":3,"20":2,"21":1,"22":2,"23":2,"24":2,"25":2,"26":1,"27":1,"28":1,"29":1,"30":1,"31":13},"f":{"0":2,"1":3,"2":1,"3":2},"b":{"0":[1,1],"1":[1,2],"2":[3,3],"3":[1,1]},"_coverageSchema":"1a1c01bbd47fc00a2c39e90264f33305004495a9","hash":"636b94b73427518bca8fc1561d68a4ce039e9cd7"}
,"C:\\Users\\lenovo\\OneDrive\\Documents\\Hactive\\phase3\\Final\\Final-Project-Holotiv8\\server\\controllers\\paymentController.js": {"path":"C:\\Users\\lenovo\\OneDrive\\Documents\\Hactive\\phase3\\Final\\Final-Project-Holotiv8\\server\\controllers\\paymentController.js","statementMap":{"0":{"start":{"line":1,"column":17},"end":{"line":1,"column":37}},"1":{"start":{"line":2,"column":23},"end":{"line":2,"column":49}},"2":{"start":{"line":3,"column":25},"end":{"line":3,"column":54}},"3":{"start":{"line":7,"column":4},"end":{"line":17,"column":5}},"4":{"start":{"line":8,"column":19},"end":{"line":8,"column":51}},"5":{"start":{"line":9,"column":6},"end":{"line":11,"column":7}},"6":{"start":{"line":10,"column":8},"end":{"line":10,"column":45}},"7":{"start":{"line":13,"column":25},"end":{"line":13,"column":53}},"8":{"start":{"line":14,"column":6},"end":{"line":14,"column":42}},"9":{"start":{"line":16,"column":6},"end":{"line":16,"column":18}},"10":{"start":{"line":20,"column":0},"end":{"line":20,"column":35}}},"fnMap":{"0":{"name":"(anonymous_0)","decl":{"start":{"line":6,"column":2},"end":{"line":6,"column":3}},"loc":{"start":{"line":6,"column":48},"end":{"line":18,"column":3}},"line":6}},"branchMap":{"0":{"loc":{"start":{"line":9,"column":6},"end":{"line":11,"column":7}},"type":"if","locations":[{"start":{"line":9,"column":6},"end":{"line":11,"column":7}},{"start":{},"end":{}}],"line":9}},"s":{"0":13,"1":13,"2":13,"3":2,"4":2,"5":2,"6":0,"7":2,"8":1,"9":1,"10":13},"f":{"0":2},"b":{"0":[0,2]},"_coverageSchema":"1a1c01bbd47fc00a2c39e90264f33305004495a9","hash":"b22e2c4b7e310e4c28cc4a7c858b04456a08c571"}
,"C:\\Users\\lenovo\\OneDrive\\Documents\\Hactive\\phase3\\Final\\Final-Project-Holotiv8\\server\\controllers\\productController.js": {"path":"C:\\Users\\lenovo\\OneDrive\\Documents\\Hactive\\phase3\\Final\\Final-Project-Holotiv8\\server\\controllers\\productController.js","statementMap":{"0":{"start":{"line":1,"column":25},"end":{"line":1,"column":46}},"1":{"start":{"line":5,"column":8},"end":{"line":17,"column":9}},"2":{"start":{"line":6,"column":23},"end":{"line":13,"column":14}},"3":{"start":{"line":14,"column":12},"end":{"line":14,"column":43}},"4":{"start":{"line":16,"column":12},"end":{"line":16,"column":23}},"5":{"start":{"line":20,"column":8},"end":{"line":31,"column":9}},"6":{"start":{"line":21,"column":23},"end":{"line":21,"column":33}},"7":{"start":{"line":22,"column":23},"end":{"line":24,"column":14}},"8":{"start":{"line":25,"column":12},"end":{"line":27,"column":13}},"9":{"start":{"line":26,"column":16},"end":{"line":26,"column":48}},"10":{"start":{"line":28,"column":12},"end":{"line":28,"column":43}},"11":{"start":{"line":30,"column":12},"end":{"line":30,"column":23}},"12":{"start":{"line":35,"column":0},"end":{"line":35,"column":32}}},"fnMap":{"0":{"name":"(anonymous_0)","decl":{"start":{"line":4,"column":4},"end":{"line":4,"column":5}},"loc":{"start":{"line":4,"column":40},"end":{"line":18,"column":5}},"line":4},"1":{"name":"(anonymous_1)","decl":{"start":{"line":19,"column":4},"end":{"line":19,"column":5}},"loc":{"start":{"line":19,"column":42},"end":{"line":32,"column":5}},"line":19}},"branchMap":{"0":{"loc":{"start":{"line":25,"column":12},"end":{"line":27,"column":13}},"type":"if","locations":[{"start":{"line":25,"column":12},"end":{"line":27,"column":13}},{"start":{},"end":{}}],"line":25}},"s":{"0":13,"1":2,"2":2,"3":1,"4":1,"5":2,"6":2,"7":2,"8":2,"9":1,"10":1,"11":1,"12":13},"f":{"0":2,"1":2},"b":{"0":[1,1]},"_coverageSchema":"1a1c01bbd47fc00a2c39e90264f33305004495a9","hash":"a32f66df67557d120fd98446864bed18c3b50e1d"}
,"C:\\Users\\lenovo\\OneDrive\\Documents\\Hactive\\phase3\\Final\\Final-Project-Holotiv8\\server\\helpers\\index.js": {"path":"C:\\Users\\lenovo\\OneDrive\\Documents\\Hactive\\phase3\\Final\\Final-Project-Holotiv8\\server\\helpers\\index.js","statementMap":{"0":{"start":{"line":1,"column":15},"end":{"line":1,"column":34}},"1":{"start":{"line":2,"column":12},"end":{"line":2,"column":35}},"2":{"start":{"line":4,"column":21},"end":{"line":4,"column":60}},"3":{"start":{"line":4,"column":35},"end":{"line":4,"column":60}},"4":{"start":{"line":5,"column":24},"end":{"line":6,"column":46}},"5":{"start":{"line":6,"column":2},"end":{"line":6,"column":46}},"6":{"start":{"line":8,"column":20},"end":{"line":8,"column":70}},"7":{"start":{"line":8,"column":33},"end":{"line":8,"column":70}},"8":{"start":{"line":9,"column":20},"end":{"line":9,"column":68}},"9":{"start":{"line":9,"column":31},"end":{"line":9,"column":68}},"10":{"start":{"line":11,"column":0},"end":{"line":11,"column":77}}},"fnMap":{"0":{"name":"(anonymous_0)","decl":{"start":{"line":4,"column":21},"end":{"line":4,"column":22}},"loc":{"start":{"line":4,"column":35},"end":{"line":4,"column":60}},"line":4},"1":{"name":"(anonymous_1)","decl":{"start":{"line":5,"column":24},"end":{"line":5,"column":25}},"loc":{"start":{"line":6,"column":2},"end":{"line":6,"column":46}},"line":6},"2":{"name":"(anonymous_2)","decl":{"start":{"line":8,"column":20},"end":{"line":8,"column":21}},"loc":{"start":{"line":8,"column":33},"end":{"line":8,"column":70}},"line":8},"3":{"name":"(anonymous_3)","decl":{"start":{"line":9,"column":20},"end":{"line":9,"column":21}},"loc":{"start":{"line":9,"column":31},"end":{"line":9,"column":68}},"line":9}},"branchMap":{},"s":{"0":13,"1":13,"2":13,"3":8,"4":13,"5":6,"6":13,"7":5,"8":13,"9":13,"10":13},"f":{"0":8,"1":6,"2":5,"3":13},"b":{},"_coverageSchema":"1a1c01bbd47fc00a2c39e90264f33305004495a9","hash":"a5896684c60375ae3e4e216564e66a97f5676429"}
,"C:\\Users\\lenovo\\OneDrive\\Documents\\Hactive\\phase3\\Final\\Final-Project-Holotiv8\\server\\helpers\\payment.js": {"path":"C:\\Users\\lenovo\\OneDrive\\Documents\\Hactive\\phase3\\Final\\Final-Project-Holotiv8\\server\\helpers\\payment.js","statementMap":{"0":{"start":{"line":1,"column":14},"end":{"line":1,"column":30}},"1":{"start":{"line":4,"column":25},"end":{"line":27,"column":1}},"2":{"start":{"line":5,"column":15},"end":{"line":9,"column":6}},"3":{"start":{"line":11,"column":20},"end":{"line":23,"column":5}},"4":{"start":{"line":25,"column":26},"end":{"line":25,"column":65}},"5":{"start":{"line":26,"column":4},"end":{"line":26,"column":24}},"6":{"start":{"line":29,"column":0},"end":{"line":29,"column":34}}},"fnMap":{"0":{"name":"(anonymous_0)","decl":{"start":{"line":4,"column":25},"end":{"line":4,"column":26}},"loc":{"start":{"line":4,"column":41},"end":{"line":27,"column":1}},"line":4}},"branchMap":{},"s":{"0":11,"1":11,"2":0,"3":0,"4":0,"5":0,"6":11},"f":{"0":0},"b":{},"_coverageSchema":"1a1c01bbd47fc00a2c39e90264f33305004495a9","hash":"e834336ed9b8911cbcb8a6762d4e6124af1c1d33"}
,"C:\\Users\\lenovo\\OneDrive\\Documents\\Hactive\\phase3\\Final\\Final-Project-Holotiv8\\server\\helpers\\spotify.js": {"path":"C:\\Users\\lenovo\\OneDrive\\Documents\\Hactive\\phase3\\Final\\Final-Project-Holotiv8\\server\\helpers\\spotify.js","statementMap":{"0":{"start":{"line":1,"column":14},"end":{"line":1,"column":30}},"1":{"start":{"line":4,"column":24},"end":{"line":17,"column":1}},"2":{"start":{"line":5,"column":20},"end":{"line":13,"column":5}},"3":{"start":{"line":14,"column":19},"end":{"line":15,"column":21}},"4":{"start":{"line":16,"column":4},"end":{"line":16,"column":53}},"5":{"start":{"line":19,"column":0},"end":{"line":19,"column":33}}},"fnMap":{"0":{"name":"(anonymous_0)","decl":{"start":{"line":4,"column":24},"end":{"line":4,"column":25}},"loc":{"start":{"line":4,"column":45},"end":{"line":17,"column":1}},"line":4}},"branchMap":{},"s":{"0":11,"1":11,"2":0,"3":0,"4":0,"5":11},"f":{"0":0},"b":{},"_coverageSchema":"1a1c01bbd47fc00a2c39e90264f33305004495a9","hash":"4dc7ae036f2f08bece526c4cca2a3fc3e7fe72cb"}
,"C:\\Users\\lenovo\\OneDrive\\Documents\\Hactive\\phase3\\Final\\Final-Project-Holotiv8\\server\\helpers\\youtube.js": {"path":"C:\\Users\\lenovo\\OneDrive\\Documents\\Hactive\\phase3\\Final\\Final-Project-Holotiv8\\server\\helpers\\youtube.js","statementMap":{"0":{"start":{"line":1,"column":14},"end":{"line":1,"column":30}},"1":{"start":{"line":3,"column":24},"end":{"line":15,"column":1}},"2":{"start":{"line":4,"column":18},"end":{"line":12,"column":3}},"3":{"start":{"line":13,"column":19},"end":{"line":13,"column":47}},"4":{"start":{"line":14,"column":2},"end":{"line":14,"column":23}},"5":{"start":{"line":17,"column":0},"end":{"line":17,"column":33}}},"fnMap":{"0":{"name":"(anonymous_0)","decl":{"start":{"line":3,"column":24},"end":{"line":3,"column":25}},"loc":{"start":{"line":3,"column":45},"end":{"line":15,"column":1}},"line":3}},"branchMap":{},"s":{"0":11,"1":11,"2":0,"3":0,"4":0,"5":11},"f":{"0":0},"b":{},"_coverageSchema":"1a1c01bbd47fc00a2c39e90264f33305004495a9","hash":"719896e16813bd7061784e0a5ccce54fde076d16"}
,"C:\\Users\\lenovo\\OneDrive\\Documents\\Hactive\\phase3\\Final\\Final-Project-Holotiv8\\server\\helpers\\youtubeLive.js": {"path":"C:\\Users\\lenovo\\OneDrive\\Documents\\Hactive\\phase3\\Final\\Final-Project-Holotiv8\\server\\helpers\\youtubeLive.js","statementMap":{"0":{"start":{"line":1,"column":14},"end":{"line":1,"column":30}},"1":{"start":{"line":3,"column":28},"end":{"line":16,"column":1}},"2":{"start":{"line":4,"column":18},"end":{"line":12,"column":3}},"3":{"start":{"line":13,"column":19},"end":{"line":14,"column":21}},"4":{"start":{"line":15,"column":4},"end":{"line":15,"column":24}},"5":{"start":{"line":18,"column":0},"end":{"line":18,"column":36}}},"fnMap":{"0":{"name":"(anonymous_0)","decl":{"start":{"line":3,"column":28},"end":{"line":3,"column":29}},"loc":{"start":{"line":3,"column":49},"end":{"line":16,"column":1}},"line":3}},"branchMap":{},"s":{"0":11,"1":11,"2":0,"3":0,"4":0,"5":11},"f":{"0":0},"b":{},"_coverageSchema":"1a1c01bbd47fc00a2c39e90264f33305004495a9","hash":"1a88ef8afb68ca9adfd9cc1255c002cad527d605"}
,"C:\\Users\\lenovo\\OneDrive\\Documents\\Hactive\\phase3\\Final\\Final-Project-Holotiv8\\server\\middlewares\\errorHandler.js": {"path":"C:\\Users\\lenovo\\OneDrive\\Documents\\Hactive\\phase3\\Final\\Final-Project-Holotiv8\\server\\middlewares\\errorHandler.js","statementMap":{"0":{"start":{"line":1,"column":0},"end":{"line":30,"column":1}},"1":{"start":{"line":2,"column":18},"end":{"line":2,"column":41}},"2":{"start":{"line":3,"column":17},"end":{"line":3,"column":20}},"3":{"start":{"line":4,"column":4},"end":{"line":4,"column":22}},"4":{"start":{"line":5,"column":4},"end":{"line":28,"column":5}},"5":{"start":{"line":7,"column":12},"end":{"line":7,"column":46}},"6":{"start":{"line":8,"column":12},"end":{"line":8,"column":24}},"7":{"start":{"line":9,"column":12},"end":{"line":9,"column":18}},"8":{"start":{"line":12,"column":12},"end":{"line":12,"column":45}},"9":{"start":{"line":13,"column":12},"end":{"line":13,"column":24}},"10":{"start":{"line":14,"column":12},"end":{"line":14,"column":18}},"11":{"start":{"line":16,"column":12},"end":{"line":16,"column":48}},"12":{"start":{"line":17,"column":12},"end":{"line":17,"column":24}},"13":{"start":{"line":18,"column":12},"end":{"line":18,"column":18}},"14":{"start":{"line":21,"column":12},"end":{"line":21,"column":24}},"15":{"start":{"line":22,"column":12},"end":{"line":22,"column":44}},"16":{"start":{"line":23,"column":12},"end":{"line":23,"column":17}},"17":{"start":{"line":25,"column":12},"end":{"line":25,"column":24}},"18":{"start":{"line":26,"column":12},"end":{"line":26,"column":38}},"19":{"start":{"line":27,"column":12},"end":{"line":27,"column":17}},"20":{"start":{"line":29,"column":4},"end":{"line":29,"column":40}}},"fnMap":{"0":{"name":"(anonymous_0)","decl":{"start":{"line":1,"column":17},"end":{"line":1,"column":18}},"loc":{"start":{"line":1,"column":44},"end":{"line":30,"column":1}},"line":1}},"branchMap":{"0":{"loc":{"start":{"line":5,"column":4},"end":{"line":28,"column":5}},"type":"switch","locations":[{"start":{"line":6,"column":8},"end":{"line":9,"column":18}},{"start":{"line":10,"column":8},"end":{"line":10,"column":40}},{"start":{"line":11,"column":8},"end":{"line":14,"column":18}},{"start":{"line":15,"column":8},"end":{"line":18,"column":18}},{"start":{"line":19,"column":8},"end":{"line":19,"column":27}},{"start":{"line":20,"column":8},"end":{"line":23,"column":17}},{"start":{"line":24,"column":8},"end":{"line":27,"column":17}}],"line":5}},"s":{"0":13,"1":28,"2":28,"3":28,"4":28,"5":3,"6":3,"7":3,"8":9,"9":9,"10":9,"11":0,"12":0,"13":0,"14":3,"15":3,"16":3,"17":4,"18":4,"19":4,"20":28},"f":{"0":28},"b":{"0":[3,8,9,0,2,3,4]},"_coverageSchema":"1a1c01bbd47fc00a2c39e90264f33305004495a9","hash":"bdc503bdc7e317c5738578bd1b1c19fcdadbbf95"}
,"C:\\Users\\lenovo\\OneDrive\\Documents\\Hactive\\phase3\\Final\\Final-Project-Holotiv8\\server\\middlewares\\index.js": {"path":"C:\\Users\\lenovo\\OneDrive\\Documents\\Hactive\\phase3\\Final\\Final-Project-Holotiv8\\server\\middlewares\\index.js","statementMap":{"0":{"start":{"line":1,"column":24},"end":{"line":1,"column":45}},"1":{"start":{"line":2,"column":17},"end":{"line":2,"column":37}},"2":{"start":{"line":5,"column":2},"end":{"line":33,"column":3}},"3":{"start":{"line":6,"column":29},"end":{"line":6,"column":40}},"4":{"start":{"line":7,"column":4},"end":{"line":7,"column":30}},"5":{"start":{"line":8,"column":4},"end":{"line":10,"column":5}},"6":{"start":{"line":9,"column":6},"end":{"line":9,"column":36}},"7":{"start":{"line":12,"column":20},"end":{"line":12,"column":45}},"8":{"start":{"line":18,"column":22},"end":{"line":18,"column":53}},"9":{"start":{"line":20,"column":4},"end":{"line":22,"column":5}},"10":{"start":{"line":21,"column":6},"end":{"line":21,"column":36}},"11":{"start":{"line":24,"column":4},"end":{"line":29,"column":6}},"12":{"start":{"line":30,"column":4},"end":{"line":30,"column":11}},"13":{"start":{"line":32,"column":4},"end":{"line":32,"column":14}},"14":{"start":{"line":36,"column":0},"end":{"line":36,"column":32}}},"fnMap":{"0":{"name":"authentication","decl":{"start":{"line":4,"column":15},"end":{"line":4,"column":29}},"loc":{"start":{"line":4,"column":46},"end":{"line":34,"column":1}},"line":4}},"branchMap":{"0":{"loc":{"start":{"line":8,"column":4},"end":{"line":10,"column":5}},"type":"if","locations":[{"start":{"line":8,"column":4},"end":{"line":10,"column":5}},{"start":{},"end":{}}],"line":8},"1":{"loc":{"start":{"line":20,"column":4},"end":{"line":22,"column":5}},"type":"if","locations":[{"start":{"line":20,"column":4},"end":{"line":22,"column":5}},{"start":{},"end":{}}],"line":20}},"s":{"0":13,"1":13,"2":14,"3":14,"4":14,"5":14,"6":1,"7":13,"8":12,"9":12,"10":1,"11":11,"12":11,"13":3,"14":13},"f":{"0":14},"b":{"0":[1,13],"1":[1,11]},"_coverageSchema":"1a1c01bbd47fc00a2c39e90264f33305004495a9","hash":"c9ac873aa3eddb6e81afa242f22deb7b745dc285"}
,"C:\\Users\\lenovo\\OneDrive\\Documents\\Hactive\\phase3\\Final\\Final-Project-Holotiv8\\server\\models\\branch.js": {"path":"C:\\Users\\lenovo\\OneDrive\\Documents\\Hactive\\phase3\\Final\\Final-Project-Holotiv8\\server\\models\\branch.js","statementMap":{"0":{"start":{"line":4,"column":4},"end":{"line":4,"column":24}},"1":{"start":{"line":5,"column":0},"end":{"line":24,"column":2}},"2":{"start":{"line":14,"column":6},"end":{"line":14,"column":33}},"3":{"start":{"line":17,"column":2},"end":{"line":22,"column":5}},"4":{"start":{"line":23,"column":2},"end":{"line":23,"column":16}}},"fnMap":{"0":{"name":"(anonymous_0)","decl":{"start":{"line":5,"column":17},"end":{"line":5,"column":18}},"loc":{"start":{"line":5,"column":43},"end":{"line":24,"column":1}},"line":5},"1":{"name":"(anonymous_1)","decl":{"start":{"line":12,"column":4},"end":{"line":12,"column":5}},"loc":{"start":{"line":12,"column":29},"end":{"line":15,"column":5}},"line":12}},"branchMap":{},"s":{"0":13,"1":13,"2":13,"3":13,"4":13},"f":{"0":13,"1":13},"b":{},"_coverageSchema":"1a1c01bbd47fc00a2c39e90264f33305004495a9","hash":"b2e9645791480ddf33e407a2ed687f8eb7b8b779"}
,"C:\\Users\\lenovo\\OneDrive\\Documents\\Hactive\\phase3\\Final\\Final-Project-Holotiv8\\server\\models\\favorite.js": {"path":"C:\\Users\\lenovo\\OneDrive\\Documents\\Hactive\\phase3\\Final\\Final-Project-Holotiv8\\server\\models\\favorite.js","statementMap":{"0":{"start":{"line":4,"column":4},"end":{"line":4,"column":24}},"1":{"start":{"line":5,"column":0},"end":{"line":26,"column":2}},"2":{"start":{"line":14,"column":6},"end":{"line":14,"column":37}},"3":{"start":{"line":15,"column":6},"end":{"line":15,"column":37}},"4":{"start":{"line":18,"column":2},"end":{"line":24,"column":5}},"5":{"start":{"line":25,"column":2},"end":{"line":25,"column":18}}},"fnMap":{"0":{"name":"(anonymous_0)","decl":{"start":{"line":5,"column":17},"end":{"line":5,"column":18}},"loc":{"start":{"line":5,"column":43},"end":{"line":26,"column":1}},"line":5},"1":{"name":"(anonymous_1)","decl":{"start":{"line":12,"column":4},"end":{"line":12,"column":5}},"loc":{"start":{"line":12,"column":29},"end":{"line":16,"column":5}},"line":12}},"branchMap":{},"s":{"0":13,"1":13,"2":13,"3":13,"4":13,"5":13},"f":{"0":13,"1":13},"b":{},"_coverageSchema":"1a1c01bbd47fc00a2c39e90264f33305004495a9","hash":"b28b04e9035f5e8e2a051dcee84460d801ef8459"}
,"C:\\Users\\lenovo\\OneDrive\\Documents\\Hactive\\phase3\\Final\\Final-Project-Holotiv8\\server\\models\\idol.js": {"path":"C:\\Users\\lenovo\\OneDrive\\Documents\\Hactive\\phase3\\Final\\Final-Project-Holotiv8\\server\\models\\idol.js","statementMap":{"0":{"start":{"line":4,"column":4},"end":{"line":4,"column":24}},"1":{"start":{"line":5,"column":0},"end":{"line":38,"column":2}},"2":{"start":{"line":14,"column":6},"end":{"line":14,"column":35}},"3":{"start":{"line":15,"column":6},"end":{"line":15,"column":35}},"4":{"start":{"line":16,"column":6},"end":{"line":16,"column":35}},"5":{"start":{"line":19,"column":2},"end":{"line":36,"column":5}},"6":{"start":{"line":37,"column":2},"end":{"line":37,"column":14}}},"fnMap":{"0":{"name":"(anonymous_0)","decl":{"start":{"line":5,"column":17},"end":{"line":5,"column":18}},"loc":{"start":{"line":5,"column":43},"end":{"line":38,"column":1}},"line":5},"1":{"name":"(anonymous_1)","decl":{"start":{"line":12,"column":4},"end":{"line":12,"column":5}},"loc":{"start":{"line":12,"column":29},"end":{"line":17,"column":5}},"line":12}},"branchMap":{},"s":{"0":13,"1":13,"2":13,"3":13,"4":13,"5":13,"6":13},"f":{"0":13,"1":13},"b":{},"_coverageSchema":"1a1c01bbd47fc00a2c39e90264f33305004495a9","hash":"983ff096645df1a1ec8365dabeb5fee70c4274c9"}
,"C:\\Users\\lenovo\\OneDrive\\Documents\\Hactive\\phase3\\Final\\Final-Project-Holotiv8\\server\\models\\index.js": {"path":"C:\\Users\\lenovo\\OneDrive\\Documents\\Hactive\\phase3\\Final\\Final-Project-Holotiv8\\server\\models\\index.js","statementMap":{"0":{"start":{"line":3,"column":11},"end":{"line":3,"column":24}},"1":{"start":{"line":4,"column":13},"end":{"line":4,"column":28}},"2":{"start":{"line":5,"column":18},"end":{"line":5,"column":38}},"3":{"start":{"line":6,"column":16},"end":{"line":6,"column":34}},"4":{"start":{"line":7,"column":17},"end":{"line":7,"column":42}},"5":{"start":{"line":8,"column":12},"end":{"line":8,"column":49}},"6":{"start":{"line":9,"column":15},"end":{"line":9,"column":65}},"7":{"start":{"line":10,"column":11},"end":{"line":10,"column":13}},"8":{"start":{"line":13,"column":0},"end":{"line":17,"column":1}},"9":{"start":{"line":14,"column":2},"end":{"line":14,"column":74}},"10":{"start":{"line":16,"column":2},"end":{"line":16,"column":87}},"11":{"start":{"line":19,"column":0},"end":{"line":32,"column":5}},"12":{"start":{"line":22,"column":4},"end":{"line":27,"column":6}},"13":{"start":{"line":30,"column":18},"end":{"line":30,"column":85}},"14":{"start":{"line":31,"column":4},"end":{"line":31,"column":27}},"15":{"start":{"line":34,"column":0},"end":{"line":38,"column":3}},"16":{"start":{"line":35,"column":2},"end":{"line":37,"column":3}},"17":{"start":{"line":36,"column":4},"end":{"line":36,"column":32}},"18":{"start":{"line":40,"column":0},"end":{"line":40,"column":25}},"19":{"start":{"line":41,"column":0},"end":{"line":41,"column":25}},"20":{"start":{"line":43,"column":0},"end":{"line":43,"column":20}}},"fnMap":{"0":{"name":"(anonymous_0)","decl":{"start":{"line":21,"column":10},"end":{"line":21,"column":11}},"loc":{"start":{"line":21,"column":18},"end":{"line":28,"column":3}},"line":21},"1":{"name":"(anonymous_1)","decl":{"start":{"line":29,"column":11},"end":{"line":29,"column":12}},"loc":{"start":{"line":29,"column":19},"end":{"line":32,"column":3}},"line":29},"2":{"name":"(anonymous_2)","decl":{"start":{"line":34,"column":24},"end":{"line":34,"column":25}},"loc":{"start":{"line":34,"column":37},"end":{"line":38,"column":1}},"line":34}},"branchMap":{"0":{"loc":{"start":{"line":8,"column":12},"end":{"line":8,"column":49}},"type":"binary-expr","locations":[{"start":{"line":8,"column":12},"end":{"line":8,"column":32}},{"start":{"line":8,"column":36},"end":{"line":8,"column":49}}],"line":8},"1":{"loc":{"start":{"line":13,"column":0},"end":{"line":17,"column":1}},"type":"if","locations":[{"start":{"line":13,"column":0},"end":{"line":17,"column":1}},{"start":{"line":15,"column":7},"end":{"line":17,"column":1}}],"line":13},"2":{"loc":{"start":{"line":23,"column":6},"end":{"line":26,"column":37}},"type":"binary-expr","locations":[{"start":{"line":23,"column":6},"end":{"line":23,"column":29}},{"start":{"line":24,"column":6},"end":{"line":24,"column":23}},{"start":{"line":25,"column":6},"end":{"line":25,"column":30}},{"start":{"line":26,"column":6},"end":{"line":26,"column":37}}],"line":23},"3":{"loc":{"start":{"line":35,"column":2},"end":{"line":37,"column":3}},"type":"if","locations":[{"start":{"line":35,"column":2},"end":{"line":37,"column":3}},{"start":{},"end":{}}],"line":35}},"s":{"0":13,"1":13,"2":13,"3":13,"4":13,"5":13,"6":13,"7":13,"8":13,"9":0,"10":13,"11":13,"12":78,"13":65,"14":65,"15":13,"16":65,"17":65,"18":13,"19":13,"20":13},"f":{"0":78,"1":65,"2":65},"b":{"0":[13,0],"1":[0,13],"2":[78,78,65,65],"3":[65,0]},"_coverageSchema":"1a1c01bbd47fc00a2c39e90264f33305004495a9","hash":"d94b8bc1e1e490a41a51bad97cfa0fcda928d7b2"}
,"C:\\Users\\lenovo\\OneDrive\\Documents\\Hactive\\phase3\\Final\\Final-Project-Holotiv8\\server\\models\\products.js": {"path":"C:\\Users\\lenovo\\OneDrive\\Documents\\Hactive\\phase3\\Final\\Final-Project-Holotiv8\\server\\models\\products.js","statementMap":{"0":{"start":{"line":4,"column":4},"end":{"line":4,"column":24}},"1":{"start":{"line":5,"column":0},"end":{"line":28,"column":2}},"2":{"start":{"line":14,"column":6},"end":{"line":14,"column":37}},"3":{"start":{"line":17,"column":2},"end":{"line":26,"column":5}},"4":{"start":{"line":27,"column":2},"end":{"line":27,"column":18}}},"fnMap":{"0":{"name":"(anonymous_0)","decl":{"start":{"line":5,"column":17},"end":{"line":5,"column":18}},"loc":{"start":{"line":5,"column":43},"end":{"line":28,"column":1}},"line":5},"1":{"name":"(anonymous_1)","decl":{"start":{"line":12,"column":4},"end":{"line":12,"column":5}},"loc":{"start":{"line":12,"column":29},"end":{"line":15,"column":5}},"line":12}},"branchMap":{},"s":{"0":13,"1":13,"2":13,"3":13,"4":13},"f":{"0":13,"1":13},"b":{},"_coverageSchema":"1a1c01bbd47fc00a2c39e90264f33305004495a9","hash":"21430fc36626fabf386c62553ff39825ef242a45"}
,"C:\\Users\\lenovo\\OneDrive\\Documents\\Hactive\\phase3\\Final\\Final-Project-Holotiv8\\server\\models\\user.js": {"path":"C:\\Users\\lenovo\\OneDrive\\Documents\\Hactive\\phase3\\Final\\Final-Project-Holotiv8\\server\\models\\user.js","statementMap":{"0":{"start":{"line":2,"column":18},"end":{"line":2,"column":38}},"1":{"start":{"line":3,"column":25},"end":{"line":3,"column":46}},"2":{"start":{"line":4,"column":0},"end":{"line":60,"column":2}},"3":{"start":{"line":13,"column":6},"end":{"line":13,"column":35}},"4":{"start":{"line":16,"column":2},"end":{"line":54,"column":4}},"5":{"start":{"line":55,"column":2},"end":{"line":58,"column":5}},"6":{"start":{"line":56,"column":4},"end":{"line":56,"column":48}},"7":{"start":{"line":57,"column":4},"end":{"line":57,"column":30}},"8":{"start":{"line":59,"column":2},"end":{"line":59,"column":14}}},"fnMap":{"0":{"name":"(anonymous_0)","decl":{"start":{"line":4,"column":17},"end":{"line":4,"column":18}},"loc":{"start":{"line":4,"column":43},"end":{"line":60,"column":1}},"line":4},"1":{"name":"(anonymous_1)","decl":{"start":{"line":11,"column":4},"end":{"line":11,"column":5}},"loc":{"start":{"line":11,"column":29},"end":{"line":14,"column":5}},"line":11},"2":{"name":"(anonymous_2)","decl":{"start":{"line":55,"column":20},"end":{"line":55,"column":21}},"loc":{"start":{"line":55,"column":30},"end":{"line":58,"column":3}},"line":55}},"branchMap":{},"s":{"0":13,"1":13,"2":13,"3":13,"4":13,"5":13,"6":2,"7":2,"8":13},"f":{"0":13,"1":13,"2":2},"b":{},"_coverageSchema":"1a1c01bbd47fc00a2c39e90264f33305004495a9","hash":"abce4e74e29d5732945d20f744819fd05696e0eb"}
,"C:\\Users\\lenovo\\OneDrive\\Documents\\Hactive\\phase3\\Final\\Final-Project-Holotiv8\\server\\routers\\favoriteRoutes.js": {"path":"C:\\Users\\lenovo\\OneDrive\\Documents\\Hactive\\phase3\\Final\\Final-Project-Holotiv8\\server\\routers\\favoriteRoutes.js","statementMap":{"0":{"start":{"line":1,"column":16},"end":{"line":1,"column":34}},"1":{"start":{"line":2,"column":27},"end":{"line":2,"column":71}},"2":{"start":{"line":3,"column":23},"end":{"line":3,"column":48}},"3":{"start":{"line":4,"column":15},"end":{"line":4,"column":31}},"4":{"start":{"line":6,"column":0},"end":{"line":6,"column":66}},"5":{"start":{"line":7,"column":0},"end":{"line":7,"column":73}},"6":{"start":{"line":8,"column":0},"end":{"line":8,"column":69}},"7":{"start":{"line":10,"column":0},"end":{"line":10,"column":21}}},"fnMap":{},"branchMap":{},"s":{"0":13,"1":13,"2":13,"3":13,"4":13,"5":13,"6":13,"7":13},"f":{},"b":{},"_coverageSchema":"1a1c01bbd47fc00a2c39e90264f33305004495a9","hash":"b49702c4e2c979fa2cec2ed33ea4455bb4de9d69"}
,"C:\\Users\\lenovo\\OneDrive\\Documents\\Hactive\\phase3\\Final\\Final-Project-Holotiv8\\server\\routers\\idolRoutes.js": {"path":"C:\\Users\\lenovo\\OneDrive\\Documents\\Hactive\\phase3\\Final\\Final-Project-Holotiv8\\server\\routers\\idolRoutes.js","statementMap":{"0":{"start":{"line":1,"column":16},"end":{"line":1,"column":34}},"1":{"start":{"line":2,"column":23},"end":{"line":2,"column":63}},"2":{"start":{"line":3,"column":15},"end":{"line":3,"column":31}},"3":{"start":{"line":5,"column":0},"end":{"line":5,"column":39}},"4":{"start":{"line":6,"column":0},"end":{"line":6,"column":52}},"5":{"start":{"line":7,"column":0},"end":{"line":7,"column":47}},"6":{"start":{"line":8,"column":0},"end":{"line":8,"column":59}},"7":{"start":{"line":9,"column":0},"end":{"line":9,"column":59}},"8":{"start":{"line":10,"column":0},"end":{"line":10,"column":68}},"9":{"start":{"line":14,"column":0},"end":{"line":14,"column":23}}},"fnMap":{},"branchMap":{},"s":{"0":13,"1":13,"2":13,"3":13,"4":13,"5":13,"6":13,"7":13,"8":13,"9":13},"f":{},"b":{},"_coverageSchema":"1a1c01bbd47fc00a2c39e90264f33305004495a9","hash":"e5a8c2c99fa32a1984ca4f9bfb64d21411d07005"}
,"C:\\Users\\lenovo\\OneDrive\\Documents\\Hactive\\phase3\\Final\\Final-Project-Holotiv8\\server\\routers\\index.js": {"path":"C:\\Users\\lenovo\\OneDrive\\Documents\\Hactive\\phase3\\Final\\Final-Project-Holotiv8\\server\\routers\\index.js","statementMap":{"0":{"start":{"line":1,"column":16},"end":{"line":1,"column":34}},"1":{"start":{"line":2,"column":15},"end":{"line":2,"column":31}},"2":{"start":{"line":3,"column":19},"end":{"line":3,"column":42}},"3":{"start":{"line":4,"column":22},"end":{"line":4,"column":48}},"4":{"start":{"line":5,"column":19},"end":{"line":5,"column":42}},"5":{"start":{"line":6,"column":23},"end":{"line":6,"column":50}},"6":{"start":{"line":7,"column":22},"end":{"line":7,"column":48}},"7":{"start":{"line":9,"column":0},"end":{"line":9,"column":33}},"8":{"start":{"line":10,"column":0},"end":{"line":10,"column":41}},"9":{"start":{"line":11,"column":0},"end":{"line":11,"column":39}},"10":{"start":{"line":12,"column":0},"end":{"line":12,"column":33}},"11":{"start":{"line":13,"column":0},"end":{"line":13,"column":39}},"12":{"start":{"line":15,"column":0},"end":{"line":15,"column":24}}},"fnMap":{},"branchMap":{},"s":{"0":13,"1":13,"2":13,"3":13,"4":13,"5":13,"6":13,"7":13,"8":13,"9":13,"10":13,"11":13,"12":13},"f":{},"b":{},"_coverageSchema":"1a1c01bbd47fc00a2c39e90264f33305004495a9","hash":"a9416114896ed0177913e04b7b0a553f333c8a9c"}
,"C:\\Users\\lenovo\\OneDrive\\Documents\\Hactive\\phase3\\Final\\Final-Project-Holotiv8\\server\\routers\\paymentRoutes.js": {"path":"C:\\Users\\lenovo\\OneDrive\\Documents\\Hactive\\phase3\\Final\\Final-Project-Holotiv8\\server\\routers\\paymentRoutes.js","statementMap":{"0":{"start":{"line":1,"column":16},"end":{"line":1,"column":34}},"1":{"start":{"line":2,"column":26},"end":{"line":2,"column":69}},"2":{"start":{"line":3,"column":23},"end":{"line":3,"column":48}},"3":{"start":{"line":4,"column":15},"end":{"line":4,"column":31}},"4":{"start":{"line":6,"column":0},"end":{"line":6,"column":69}},"5":{"start":{"line":8,"column":0},"end":{"line":8,"column":24}}},"fnMap":{},"branchMap":{},"s":{"0":13,"1":13,"2":13,"3":13,"4":13,"5":13},"f":{},"b":{},"_coverageSchema":"1a1c01bbd47fc00a2c39e90264f33305004495a9","hash":"d569a7b8a5398038e4a7fa176ea16d18c5161b37"}
,"C:\\Users\\lenovo\\OneDrive\\Documents\\Hactive\\phase3\\Final\\Final-Project-Holotiv8\\server\\routers\\productRoutes.js": {"path":"C:\\Users\\lenovo\\OneDrive\\Documents\\Hactive\\phase3\\Final\\Final-Project-Holotiv8\\server\\routers\\productRoutes.js","statementMap":{"0":{"start":{"line":1,"column":16},"end":{"line":1,"column":34}},"1":{"start":{"line":2,"column":26},"end":{"line":2,"column":69}},"2":{"start":{"line":3,"column":15},"end":{"line":3,"column":31}},"3":{"start":{"line":5,"column":0},"end":{"line":5,"column":38}},"4":{"start":{"line":6,"column":0},"end":{"line":6,"column":43}},"5":{"start":{"line":8,"column":0},"end":{"line":8,"column":21}}},"fnMap":{},"branchMap":{},"s":{"0":13,"1":13,"2":13,"3":13,"4":13,"5":13},"f":{},"b":{},"_coverageSchema":"1a1c01bbd47fc00a2c39e90264f33305004495a9","hash":"c8387c047da27761b56b44176f62ea60eb649d18"}
,"C:\\Users\\lenovo\\OneDrive\\Documents\\Hactive\\phase3\\Final\\Final-Project-Holotiv8\\server\\routers\\userRoutes.js": {"path":"C:\\Users\\lenovo\\OneDrive\\Documents\\Hactive\\phase3\\Final\\Final-Project-Holotiv8\\server\\routers\\userRoutes.js","statementMap":{"0":{"start":{"line":1,"column":16},"end":{"line":1,"column":34}},"1":{"start":{"line":2,"column":23},"end":{"line":2,"column":62}},"2":{"start":{"line":3,"column":23},"end":{"line":3,"column":48}},"3":{"start":{"line":4,"column":15},"end":{"line":4,"column":31}},"4":{"start":{"line":6,"column":0},"end":{"line":6,"column":50}},"5":{"start":{"line":7,"column":0},"end":{"line":7,"column":44}},"6":{"start":{"line":8,"column":0},"end":{"line":8,"column":67}},"7":{"start":{"line":10,"column":0},"end":{"line":10,"column":24}}},"fnMap":{},"branchMap":{},"s":{"0":13,"1":13,"2":13,"3":13,"4":13,"5":13,"6":13,"7":13},"f":{},"b":{},"_coverageSchema":"1a1c01bbd47fc00a2c39e90264f33305004495a9","hash":"d1304b98cdc29a982c4176b4d5a044c8f57145a8"}
}
