{"D:\\Brian\\Hacktiv8\\Phase 3\\FINAL PROJECT\\Final-Project-Holotiv8\\server\\app.js": {"path":"D:\\Brian\\Hacktiv8\\Phase 3\\FINAL PROJECT\\Final-Project-Holotiv8\\server\\app.js","statementMap":{"0":{"start":{"line":1,"column":0},"end":{"line":3,"column":3}},"1":{"start":{"line":2,"column":4},"end":{"line":2,"column":30}},"2":{"start":{"line":5,"column":18},"end":{"line":5,"column":36}},"3":{"start":{"line":6,"column":14},"end":{"line":6,"column":23}},"4":{"start":{"line":7,"column":15},"end":{"line":7,"column":39}},"5":{"start":{"line":8,"column":15},"end":{"line":8,"column":30}},"6":{"start":{"line":9,"column":17},"end":{"line":9,"column":37}},"7":{"start":{"line":10,"column":23},"end":{"line":10,"column":63}},"8":{"start":{"line":12,"column":2},"end":{"line":12,"column":46}},"9":{"start":{"line":13,"column":2},"end":{"line":13,"column":25}},"10":{"start":{"line":14,"column":2},"end":{"line":14,"column":17}},"11":{"start":{"line":16,"column":2},"end":{"line":16,"column":22}},"12":{"start":{"line":17,"column":2},"end":{"line":17,"column":23}},"13":{"start":{"line":23,"column":2},"end":{"line":23,"column":21}}},"fnMap":{},"branchMap":{"0":{"loc":{"start":{"line":1,"column":0},"end":{"line":3,"column":3}},"type":"if","locations":[{"start":{"line":1,"column":0},"end":{"line":3,"column":3}},{"start":{},"end":{}}],"line":1},"1":{"loc":{"start":{"line":7,"column":15},"end":{"line":7,"column":39}},"type":"binary-expr","locations":[{"start":{"line":7,"column":15},"end":{"line":7,"column":31}},{"start":{"line":7,"column":35},"end":{"line":7,"column":39}}],"line":7}},"s":{"0":4,"1":4,"2":4,"3":4,"4":4,"5":4,"6":4,"7":4,"8":4,"9":4,"10":4,"11":4,"12":4,"13":4},"f":{},"b":{"0":[4,0],"1":[4,4]},"_coverageSchema":"1a1c01bbd47fc00a2c39e90264f33305004495a9","hash":"b0fe1f2abaa99c42161e45eb4f5d5e90ffa0bcb5"}
,"D:\\Brian\\Hacktiv8\\Phase 3\\FINAL PROJECT\\Final-Project-Holotiv8\\server\\controllers\\IdolController.js": {"path":"D:\\Brian\\Hacktiv8\\Phase 3\\FINAL PROJECT\\Final-Project-Holotiv8\\server\\controllers\\IdolController.js","statementMap":{"0":{"start":{"line":1,"column":25},"end":{"line":1,"column":45}},"1":{"start":{"line":2,"column":14},"end":{"line":2,"column":30}},"2":{"start":{"line":3,"column":15},"end":{"line":3,"column":35}},"3":{"start":{"line":7,"column":23},"end":{"line":7,"column":32}},"4":{"start":{"line":8,"column":30},"end":{"line":21,"column":9}},"5":{"start":{"line":24,"column":8},"end":{"line":32,"column":9}},"6":{"start":{"line":25,"column":26},"end":{"line":27,"column":15}},"7":{"start":{"line":25,"column":66},"end":{"line":27,"column":13}},"8":{"start":{"line":29,"column":12},"end":{"line":31,"column":14}},"9":{"start":{"line":33,"column":4},"end":{"line":38,"column":5}},"10":{"start":{"line":34,"column":19},"end":{"line":34,"column":52}},"11":{"start":{"line":35,"column":6},"end":{"line":35,"column":33}},"12":{"start":{"line":37,"column":6},"end":{"line":37,"column":18}},"13":{"start":{"line":41,"column":4},"end":{"line":63,"column":5}},"14":{"start":{"line":42,"column":19},"end":{"line":42,"column":29}},"15":{"start":{"line":43,"column":19},"end":{"line":56,"column":8}},"16":{"start":{"line":57,"column":6},"end":{"line":59,"column":5}},"17":{"start":{"line":58,"column":8},"end":{"line":58,"column":40}},"18":{"start":{"line":60,"column":6},"end":{"line":60,"column":33}},"19":{"start":{"line":62,"column":6},"end":{"line":62,"column":18}},"20":{"start":{"line":66,"column":4},"end":{"line":75,"column":5}},"21":{"start":{"line":67,"column":19},"end":{"line":71,"column":8}},"22":{"start":{"line":72,"column":6},"end":{"line":72,"column":33}},"23":{"start":{"line":74,"column":6},"end":{"line":74,"column":18}},"24":{"start":{"line":78,"column":21},"end":{"line":78,"column":31}},"25":{"start":{"line":79,"column":20},"end":{"line":87,"column":5}},"26":{"start":{"line":89,"column":4},"end":{"line":97,"column":9}},"27":{"start":{"line":92,"column":20},"end":{"line":92,"column":71}},"28":{"start":{"line":93,"column":8},"end":{"line":93,"column":36}},"29":{"start":{"line":96,"column":8},"end":{"line":96,"column":20}},"30":{"start":{"line":100,"column":21},"end":{"line":100,"column":31}},"31":{"start":{"line":101,"column":20},"end":{"line":109,"column":7}},"32":{"start":{"line":112,"column":4},"end":{"line":120,"column":9}},"33":{"start":{"line":115,"column":21},"end":{"line":115,"column":43}},"34":{"start":{"line":116,"column":8},"end":{"line":116,"column":37}},"35":{"start":{"line":119,"column":8},"end":{"line":119,"column":20}},"36":{"start":{"line":123,"column":21},"end":{"line":123,"column":31}},"37":{"start":{"line":124,"column":20},"end":{"line":132,"column":7}},"38":{"start":{"line":135,"column":4},"end":{"line":143,"column":9}},"39":{"start":{"line":138,"column":21},"end":{"line":138,"column":43}},"40":{"start":{"line":139,"column":8},"end":{"line":139,"column":37}},"41":{"start":{"line":142,"column":8},"end":{"line":142,"column":20}},"42":{"start":{"line":147,"column":0},"end":{"line":147,"column":32}}},"fnMap":{"0":{"name":"(anonymous_0)","decl":{"start":{"line":6,"column":2},"end":{"line":6,"column":3}},"loc":{"start":{"line":6,"column":39},"end":{"line":39,"column":3}},"line":6},"1":{"name":"(anonymous_1)","decl":{"start":{"line":25,"column":55},"end":{"line":25,"column":56}},"loc":{"start":{"line":25,"column":66},"end":{"line":27,"column":13}},"line":25},"2":{"name":"(anonymous_2)","decl":{"start":{"line":40,"column":2},"end":{"line":40,"column":3}},"loc":{"start":{"line":40,"column":44},"end":{"line":64,"column":3}},"line":40},"3":{"name":"(anonymous_3)","decl":{"start":{"line":65,"column":2},"end":{"line":65,"column":3}},"loc":{"start":{"line":65,"column":44},"end":{"line":76,"column":3}},"line":65},"4":{"name":"(anonymous_4)","decl":{"start":{"line":77,"column":2},"end":{"line":77,"column":3}},"loc":{"start":{"line":77,"column":37},"end":{"line":98,"column":3}},"line":77},"5":{"name":"(anonymous_5)","decl":{"start":{"line":91,"column":12},"end":{"line":91,"column":13}},"loc":{"start":{"line":91,"column":32},"end":{"line":94,"column":7}},"line":91},"6":{"name":"(anonymous_6)","decl":{"start":{"line":95,"column":13},"end":{"line":95,"column":14}},"loc":{"start":{"line":95,"column":30},"end":{"line":97,"column":7}},"line":95},"7":{"name":"(anonymous_7)","decl":{"start":{"line":99,"column":2},"end":{"line":99,"column":3}},"loc":{"start":{"line":99,"column":37},"end":{"line":121,"column":3}},"line":99},"8":{"name":"(anonymous_8)","decl":{"start":{"line":114,"column":12},"end":{"line":114,"column":13}},"loc":{"start":{"line":114,"column":32},"end":{"line":117,"column":7}},"line":114},"9":{"name":"(anonymous_9)","decl":{"start":{"line":118,"column":13},"end":{"line":118,"column":14}},"loc":{"start":{"line":118,"column":30},"end":{"line":120,"column":7}},"line":118},"10":{"name":"(anonymous_10)","decl":{"start":{"line":122,"column":2},"end":{"line":122,"column":3}},"loc":{"start":{"line":122,"column":41},"end":{"line":144,"column":3}},"line":122},"11":{"name":"(anonymous_11)","decl":{"start":{"line":137,"column":12},"end":{"line":137,"column":13}},"loc":{"start":{"line":137,"column":32},"end":{"line":140,"column":7}},"line":137},"12":{"name":"(anonymous_12)","decl":{"start":{"line":141,"column":13},"end":{"line":141,"column":14}},"loc":{"start":{"line":141,"column":30},"end":{"line":143,"column":7}},"line":141}},"branchMap":{"0":{"loc":{"start":{"line":24,"column":8},"end":{"line":32,"column":9}},"type":"if","locations":[{"start":{"line":24,"column":8},"end":{"line":32,"column":9}},{"start":{},"end":{}}],"line":24},"1":{"loc":{"start":{"line":24,"column":12},"end":{"line":24,"column":58}},"type":"binary-expr","locations":[{"start":{"line":24,"column":12},"end":{"line":24,"column":25}},{"start":{"line":24,"column":29},"end":{"line":24,"column":58}}],"line":24},"2":{"loc":{"start":{"line":57,"column":6},"end":{"line":59,"column":5}},"type":"if","locations":[{"start":{"line":57,"column":6},"end":{"line":59,"column":5}},{"start":{},"end":{}}],"line":57}},"s":{"0":4,"1":4,"2":4,"3":2,"4":2,"5":2,"6":1,"7":1,"8":1,"9":2,"10":2,"11":2,"12":0,"13":2,"14":2,"15":2,"16":2,"17":1,"18":1,"19":1,"20":0,"21":0,"22":0,"23":0,"24":0,"25":0,"26":0,"27":0,"28":0,"29":0,"30":0,"31":0,"32":0,"33":0,"34":0,"35":0,"36":0,"37":0,"38":0,"39":0,"40":0,"41":0,"42":4},"f":{"0":2,"1":1,"2":2,"3":0,"4":0,"5":0,"6":0,"7":0,"8":0,"9":0,"10":0,"11":0,"12":0},"b":{"0":[1,1],"1":[2,2],"2":[1,1]},"_coverageSchema":"1a1c01bbd47fc00a2c39e90264f33305004495a9","hash":"081dd44334d0665129d9a6287154b08be237c51b"}
,"D:\\Brian\\Hacktiv8\\Phase 3\\FINAL PROJECT\\Final-Project-Holotiv8\\server\\controllers\\UserContoller.js": {"path":"D:\\Brian\\Hacktiv8\\Phase 3\\FINAL PROJECT\\Final-Project-Holotiv8\\server\\controllers\\UserContoller.js","statementMap":{"0":{"start":{"line":1,"column":17},"end":{"line":1,"column":37}},"1":{"start":{"line":2,"column":41},"end":{"line":2,"column":62}},"2":{"start":{"line":6,"column":4},"end":{"line":16,"column":5}},"3":{"start":{"line":7,"column":44},"end":{"line":7,"column":52}},"4":{"start":{"line":8,"column":19},"end":{"line":12,"column":8}},"5":{"start":{"line":13,"column":6},"end":{"line":13,"column":63}},"6":{"start":{"line":15,"column":6},"end":{"line":15,"column":18}},"7":{"start":{"line":20,"column":4},"end":{"line":38,"column":5}},"8":{"start":{"line":21,"column":34},"end":{"line":21,"column":42}},"9":{"start":{"line":23,"column":19},"end":{"line":23,"column":59}},"10":{"start":{"line":24,"column":6},"end":{"line":26,"column":7}},"11":{"start":{"line":25,"column":8},"end":{"line":25,"column":45}},"12":{"start":{"line":28,"column":31},"end":{"line":28,"column":71}},"13":{"start":{"line":29,"column":6},"end":{"line":31,"column":7}},"14":{"start":{"line":30,"column":8},"end":{"line":30,"column":45}},"15":{"start":{"line":33,"column":20},"end":{"line":33,"column":35}},"16":{"start":{"line":34,"column":27},"end":{"line":34,"column":47}},"17":{"start":{"line":35,"column":6},"end":{"line":35,"column":70}},"18":{"start":{"line":37,"column":6},"end":{"line":37,"column":18}},"19":{"start":{"line":41,"column":0},"end":{"line":41,"column":32}}},"fnMap":{"0":{"name":"(anonymous_0)","decl":{"start":{"line":5,"column":2},"end":{"line":5,"column":3}},"loc":{"start":{"line":5,"column":40},"end":{"line":17,"column":3}},"line":5},"1":{"name":"(anonymous_1)","decl":{"start":{"line":19,"column":2},"end":{"line":19,"column":3}},"loc":{"start":{"line":19,"column":37},"end":{"line":39,"column":3}},"line":19}},"branchMap":{"0":{"loc":{"start":{"line":24,"column":6},"end":{"line":26,"column":7}},"type":"if","locations":[{"start":{"line":24,"column":6},"end":{"line":26,"column":7}},{"start":{},"end":{}}],"line":24},"1":{"loc":{"start":{"line":29,"column":6},"end":{"line":31,"column":7}},"type":"if","locations":[{"start":{"line":29,"column":6},"end":{"line":31,"column":7}},{"start":{},"end":{}}],"line":29}},"s":{"0":4,"1":4,"2":10,"3":10,"4":10,"5":1,"6":9,"7":5,"8":5,"9":5,"10":5,"11":2,"12":3,"13":3,"14":1,"15":2,"16":2,"17":2,"18":3,"19":4},"f":{"0":10,"1":5},"b":{"0":[2,3],"1":[1,2]},"_coverageSchema":"1a1c01bbd47fc00a2c39e90264f33305004495a9","hash":"9244a211c74172bfcff6bcb21684375727903fba"}
,"D:\\Brian\\Hacktiv8\\Phase 3\\FINAL PROJECT\\Final-Project-Holotiv8\\server\\controllers\\favoriteController.js": {"path":"D:\\Brian\\Hacktiv8\\Phase 3\\FINAL PROJECT\\Final-Project-Holotiv8\\server\\controllers\\favoriteController.js","statementMap":{"0":{"start":{"line":1,"column":35},"end":{"line":1,"column":55}},"1":{"start":{"line":5,"column":8},"end":{"line":20,"column":9}},"2":{"start":{"line":6,"column":25},"end":{"line":6,"column":42}},"3":{"start":{"line":7,"column":27},"end":{"line":9,"column":14}},"4":{"start":{"line":10,"column":12},"end":{"line":12,"column":13}},"5":{"start":{"line":11,"column":16},"end":{"line":11,"column":48}},"6":{"start":{"line":13,"column":25},"end":{"line":13,"column":36}},"7":{"start":{"line":14,"column":23},"end":{"line":14,"column":64}},"8":{"start":{"line":15,"column":12},"end":{"line":17,"column":14}},"9":{"start":{"line":19,"column":12},"end":{"line":19,"column":23}},"10":{"start":{"line":23,"column":27},"end":{"line":23,"column":36}},"11":{"start":{"line":24,"column":21},"end":{"line":24,"column":32}},"12":{"start":{"line":25,"column":30},"end":{"line":45,"column":35}},"13":{"start":{"line":47,"column":8},"end":{"line":55,"column":9}},"14":{"start":{"line":48,"column":26},"end":{"line":50,"column":15}},"15":{"start":{"line":48,"column":66},"end":{"line":50,"column":13}},"16":{"start":{"line":52,"column":12},"end":{"line":54,"column":14}},"17":{"start":{"line":56,"column":8},"end":{"line":61,"column":9}},"18":{"start":{"line":57,"column":23},"end":{"line":57,"column":56}},"19":{"start":{"line":58,"column":12},"end":{"line":58,"column":38}},"20":{"start":{"line":60,"column":12},"end":{"line":60,"column":23}},"21":{"start":{"line":65,"column":0},"end":{"line":65,"column":33}}},"fnMap":{"0":{"name":"(anonymous_0)","decl":{"start":{"line":4,"column":4},"end":{"line":4,"column":5}},"loc":{"start":{"line":4,"column":49},"end":{"line":21,"column":5}},"line":4},"1":{"name":"(anonymous_1)","decl":{"start":{"line":22,"column":4},"end":{"line":22,"column":5}},"loc":{"start":{"line":22,"column":50},"end":{"line":62,"column":5}},"line":22},"2":{"name":"(anonymous_2)","decl":{"start":{"line":48,"column":55},"end":{"line":48,"column":56}},"loc":{"start":{"line":48,"column":66},"end":{"line":50,"column":13}},"line":48}},"branchMap":{"0":{"loc":{"start":{"line":10,"column":12},"end":{"line":12,"column":13}},"type":"if","locations":[{"start":{"line":10,"column":12},"end":{"line":12,"column":13}},{"start":{},"end":{}}],"line":10},"1":{"loc":{"start":{"line":47,"column":8},"end":{"line":55,"column":9}},"type":"if","locations":[{"start":{"line":47,"column":8},"end":{"line":55,"column":9}},{"start":{},"end":{}}],"line":47},"2":{"loc":{"start":{"line":47,"column":12},"end":{"line":47,"column":58}},"type":"binary-expr","locations":[{"start":{"line":47,"column":12},"end":{"line":47,"column":25}},{"start":{"line":47,"column":29},"end":{"line":47,"column":58}}],"line":47}},"s":{"0":4,"1":2,"2":2,"3":2,"4":2,"5":1,"6":1,"7":1,"8":1,"9":1,"10":1,"11":1,"12":1,"13":1,"14":0,"15":0,"16":0,"17":1,"18":1,"19":1,"20":0,"21":4},"f":{"0":2,"1":1,"2":0},"b":{"0":[1,1],"1":[0,1],"2":[1,1]},"_coverageSchema":"1a1c01bbd47fc00a2c39e90264f33305004495a9","hash":"0c9f836a988ad4c5c8b0550e5ecf8e681c101bd6"}
,"D:\\Brian\\Hacktiv8\\Phase 3\\FINAL PROJECT\\Final-Project-Holotiv8\\server\\controllers\\productController.js": {"path":"D:\\Brian\\Hacktiv8\\Phase 3\\FINAL PROJECT\\Final-Project-Holotiv8\\server\\controllers\\productController.js","statementMap":{"0":{"start":{"line":1,"column":27},"end":{"line":1,"column":48}},"1":{"start":{"line":5,"column":8},"end":{"line":10,"column":9}},"2":{"start":{"line":6,"column":23},"end":{"line":6,"column":47}},"3":{"start":{"line":7,"column":12},"end":{"line":7,"column":43}},"4":{"start":{"line":9,"column":12},"end":{"line":9,"column":23}},"5":{"start":{"line":13,"column":8},"end":{"line":22,"column":9}},"6":{"start":{"line":14,"column":23},"end":{"line":14,"column":33}},"7":{"start":{"line":15,"column":23},"end":{"line":15,"column":77}},"8":{"start":{"line":16,"column":12},"end":{"line":18,"column":13}},"9":{"start":{"line":17,"column":16},"end":{"line":17,"column":48}},"10":{"start":{"line":19,"column":12},"end":{"line":19,"column":43}},"11":{"start":{"line":21,"column":12},"end":{"line":21,"column":23}},"12":{"start":{"line":26,"column":0},"end":{"line":26,"column":32}}},"fnMap":{"0":{"name":"(anonymous_0)","decl":{"start":{"line":4,"column":4},"end":{"line":4,"column":5}},"loc":{"start":{"line":4,"column":40},"end":{"line":11,"column":5}},"line":4},"1":{"name":"(anonymous_1)","decl":{"start":{"line":12,"column":4},"end":{"line":12,"column":5}},"loc":{"start":{"line":12,"column":42},"end":{"line":23,"column":5}},"line":12}},"branchMap":{"0":{"loc":{"start":{"line":16,"column":12},"end":{"line":18,"column":13}},"type":"if","locations":[{"start":{"line":16,"column":12},"end":{"line":18,"column":13}},{"start":{},"end":{}}],"line":16}},"s":{"0":4,"1":1,"2":1,"3":1,"4":0,"5":2,"6":2,"7":2,"8":2,"9":1,"10":1,"11":1,"12":4},"f":{"0":1,"1":2},"b":{"0":[1,1]},"_coverageSchema":"1a1c01bbd47fc00a2c39e90264f33305004495a9","hash":"0f221336763c2340ccba92c2d690bceb1571b25c"}
,"D:\\Brian\\Hacktiv8\\Phase 3\\FINAL PROJECT\\Final-Project-Holotiv8\\server\\helpers\\index.js": {"path":"D:\\Brian\\Hacktiv8\\Phase 3\\FINAL PROJECT\\Final-Project-Holotiv8\\server\\helpers\\index.js","statementMap":{"0":{"start":{"line":1,"column":15},"end":{"line":1,"column":34}},"1":{"start":{"line":2,"column":12},"end":{"line":2,"column":35}},"2":{"start":{"line":4,"column":21},"end":{"line":4,"column":60}},"3":{"start":{"line":4,"column":35},"end":{"line":4,"column":60}},"4":{"start":{"line":5,"column":24},"end":{"line":6,"column":46}},"5":{"start":{"line":6,"column":2},"end":{"line":6,"column":46}},"6":{"start":{"line":8,"column":20},"end":{"line":8,"column":70}},"7":{"start":{"line":8,"column":33},"end":{"line":8,"column":70}},"8":{"start":{"line":9,"column":20},"end":{"line":9,"column":68}},"9":{"start":{"line":9,"column":31},"end":{"line":9,"column":68}},"10":{"start":{"line":11,"column":0},"end":{"line":11,"column":77}}},"fnMap":{"0":{"name":"(anonymous_0)","decl":{"start":{"line":4,"column":21},"end":{"line":4,"column":22}},"loc":{"start":{"line":4,"column":35},"end":{"line":4,"column":60}},"line":4},"1":{"name":"(anonymous_1)","decl":{"start":{"line":5,"column":24},"end":{"line":5,"column":25}},"loc":{"start":{"line":6,"column":2},"end":{"line":6,"column":46}},"line":6},"2":{"name":"(anonymous_2)","decl":{"start":{"line":8,"column":20},"end":{"line":8,"column":21}},"loc":{"start":{"line":8,"column":33},"end":{"line":8,"column":70}},"line":8},"3":{"name":"(anonymous_3)","decl":{"start":{"line":9,"column":20},"end":{"line":9,"column":21}},"loc":{"start":{"line":9,"column":31},"end":{"line":9,"column":68}},"line":9}},"branchMap":{},"s":{"0":4,"1":4,"2":4,"3":5,"4":4,"5":3,"6":4,"7":2,"8":4,"9":4,"10":4},"f":{"0":5,"1":3,"2":2,"3":4},"b":{},"_coverageSchema":"1a1c01bbd47fc00a2c39e90264f33305004495a9","hash":"3c3e93905fa7667c629c3f188161a1e23d27f6d7"}
,"D:\\Brian\\Hacktiv8\\Phase 3\\FINAL PROJECT\\Final-Project-Holotiv8\\server\\middlewares\\errorHandler.js": {"path":"D:\\Brian\\Hacktiv8\\Phase 3\\FINAL PROJECT\\Final-Project-Holotiv8\\server\\middlewares\\errorHandler.js","statementMap":{"0":{"start":{"line":1,"column":0},"end":{"line":30,"column":1}},"1":{"start":{"line":2,"column":18},"end":{"line":2,"column":41}},"2":{"start":{"line":3,"column":17},"end":{"line":3,"column":20}},"3":{"start":{"line":4,"column":4},"end":{"line":4,"column":23}},"4":{"start":{"line":5,"column":4},"end":{"line":28,"column":5}},"5":{"start":{"line":7,"column":12},"end":{"line":7,"column":46}},"6":{"start":{"line":8,"column":12},"end":{"line":8,"column":24}},"7":{"start":{"line":9,"column":12},"end":{"line":9,"column":18}},"8":{"start":{"line":12,"column":12},"end":{"line":12,"column":45}},"9":{"start":{"line":13,"column":12},"end":{"line":13,"column":24}},"10":{"start":{"line":14,"column":12},"end":{"line":14,"column":18}},"11":{"start":{"line":21,"column":12},"end":{"line":21,"column":24}},"12":{"start":{"line":22,"column":12},"end":{"line":22,"column":44}},"13":{"start":{"line":23,"column":12},"end":{"line":23,"column":17}},"14":{"start":{"line":25,"column":12},"end":{"line":25,"column":24}},"15":{"start":{"line":26,"column":12},"end":{"line":26,"column":38}},"16":{"start":{"line":27,"column":12},"end":{"line":27,"column":17}},"17":{"start":{"line":29,"column":4},"end":{"line":29,"column":40}}},"fnMap":{"0":{"name":"(anonymous_0)","decl":{"start":{"line":1,"column":17},"end":{"line":1,"column":18}},"loc":{"start":{"line":1,"column":44},"end":{"line":30,"column":1}},"line":1}},"branchMap":{"0":{"loc":{"start":{"line":5,"column":4},"end":{"line":28,"column":5}},"type":"switch","locations":[{"start":{"line":6,"column":8},"end":{"line":9,"column":18}},{"start":{"line":10,"column":8},"end":{"line":10,"column":40}},{"start":{"line":11,"column":8},"end":{"line":14,"column":18}},{"start":{"line":19,"column":8},"end":{"line":19,"column":27}},{"start":{"line":20,"column":8},"end":{"line":23,"column":17}},{"start":{"line":24,"column":8},"end":{"line":27,"column":17}}],"line":5}},"s":{"0":4,"1":17,"2":17,"3":17,"4":17,"5":3,"6":3,"7":3,"8":9,"9":9,"10":9,"11":2,"12":2,"13":2,"14":3,"15":3,"16":3,"17":17},"f":{"0":17},"b":{"0":[3,8,9,1,2,3]},"_coverageSchema":"1a1c01bbd47fc00a2c39e90264f33305004495a9","hash":"9e428d78d43bc1966fb6b8bd6c827c5e41f6c23a"}
,"D:\\Brian\\Hacktiv8\\Phase 3\\FINAL PROJECT\\Final-Project-Holotiv8\\server\\middlewares\\index.js": {"path":"D:\\Brian\\Hacktiv8\\Phase 3\\FINAL PROJECT\\Final-Project-Holotiv8\\server\\middlewares\\index.js","statementMap":{"0":{"start":{"line":1,"column":24},"end":{"line":1,"column":45}},"1":{"start":{"line":2,"column":17},"end":{"line":2,"column":37}},"2":{"start":{"line":5,"column":2},"end":{"line":32,"column":3}},"3":{"start":{"line":6,"column":29},"end":{"line":6,"column":40}},"4":{"start":{"line":8,"column":4},"end":{"line":10,"column":5}},"5":{"start":{"line":9,"column":6},"end":{"line":9,"column":36}},"6":{"start":{"line":12,"column":20},"end":{"line":12,"column":45}},"7":{"start":{"line":14,"column":4},"end":{"line":16,"column":5}},"8":{"start":{"line":15,"column":6},"end":{"line":15,"column":42}},"9":{"start":{"line":18,"column":22},"end":{"line":18,"column":53}},"10":{"start":{"line":20,"column":4},"end":{"line":22,"column":5}},"11":{"start":{"line":21,"column":6},"end":{"line":21,"column":36}},"12":{"start":{"line":24,"column":4},"end":{"line":28,"column":6}},"13":{"start":{"line":29,"column":4},"end":{"line":29,"column":11}},"14":{"start":{"line":31,"column":4},"end":{"line":31,"column":14}},"15":{"start":{"line":35,"column":0},"end":{"line":35,"column":32}}},"fnMap":{"0":{"name":"authentication","decl":{"start":{"line":4,"column":15},"end":{"line":4,"column":29}},"loc":{"start":{"line":4,"column":46},"end":{"line":33,"column":1}},"line":4}},"branchMap":{"0":{"loc":{"start":{"line":8,"column":4},"end":{"line":10,"column":5}},"type":"if","locations":[{"start":{"line":8,"column":4},"end":{"line":10,"column":5}},{"start":{},"end":{}}],"line":8},"1":{"loc":{"start":{"line":14,"column":4},"end":{"line":16,"column":5}},"type":"if","locations":[{"start":{"line":14,"column":4},"end":{"line":16,"column":5}},{"start":{},"end":{}}],"line":14},"2":{"loc":{"start":{"line":20,"column":4},"end":{"line":22,"column":5}},"type":"if","locations":[{"start":{"line":20,"column":4},"end":{"line":22,"column":5}},{"start":{},"end":{}}],"line":20}},"s":{"0":4,"1":4,"2":5,"3":5,"4":5,"5":1,"6":4,"7":3,"8":0,"9":3,"10":3,"11":0,"12":3,"13":3,"14":2,"15":4},"f":{"0":5},"b":{"0":[1,4],"1":[0,3],"2":[0,3]},"_coverageSchema":"1a1c01bbd47fc00a2c39e90264f33305004495a9","hash":"4c55c7a30b85a4e00cd429124540cec19814654d"}
,"D:\\Brian\\Hacktiv8\\Phase 3\\FINAL PROJECT\\Final-Project-Holotiv8\\server\\models\\branch.js": {"path":"D:\\Brian\\Hacktiv8\\Phase 3\\FINAL PROJECT\\Final-Project-Holotiv8\\server\\models\\branch.js","statementMap":{"0":{"start":{"line":4,"column":4},"end":{"line":4,"column":24}},"1":{"start":{"line":5,"column":0},"end":{"line":24,"column":2}},"2":{"start":{"line":14,"column":6},"end":{"line":14,"column":33}},"3":{"start":{"line":17,"column":2},"end":{"line":22,"column":5}},"4":{"start":{"line":23,"column":2},"end":{"line":23,"column":16}}},"fnMap":{"0":{"name":"(anonymous_0)","decl":{"start":{"line":5,"column":17},"end":{"line":5,"column":18}},"loc":{"start":{"line":5,"column":43},"end":{"line":24,"column":1}},"line":5},"1":{"name":"(anonymous_1)","decl":{"start":{"line":12,"column":4},"end":{"line":12,"column":5}},"loc":{"start":{"line":12,"column":29},"end":{"line":15,"column":5}},"line":12}},"branchMap":{},"s":{"0":4,"1":4,"2":4,"3":4,"4":4},"f":{"0":4,"1":4},"b":{},"_coverageSchema":"1a1c01bbd47fc00a2c39e90264f33305004495a9","hash":"0dea01e6c19d2c7d97652fe5caf1ff5bca3c4095"}
,"D:\\Brian\\Hacktiv8\\Phase 3\\FINAL PROJECT\\Final-Project-Holotiv8\\server\\models\\favorite.js": {"path":"D:\\Brian\\Hacktiv8\\Phase 3\\FINAL PROJECT\\Final-Project-Holotiv8\\server\\models\\favorite.js","statementMap":{"0":{"start":{"line":4,"column":4},"end":{"line":4,"column":24}},"1":{"start":{"line":5,"column":0},"end":{"line":26,"column":2}},"2":{"start":{"line":14,"column":6},"end":{"line":14,"column":37}},"3":{"start":{"line":15,"column":6},"end":{"line":15,"column":37}},"4":{"start":{"line":18,"column":2},"end":{"line":24,"column":5}},"5":{"start":{"line":25,"column":2},"end":{"line":25,"column":18}}},"fnMap":{"0":{"name":"(anonymous_0)","decl":{"start":{"line":5,"column":17},"end":{"line":5,"column":18}},"loc":{"start":{"line":5,"column":43},"end":{"line":26,"column":1}},"line":5},"1":{"name":"(anonymous_1)","decl":{"start":{"line":12,"column":4},"end":{"line":12,"column":5}},"loc":{"start":{"line":12,"column":29},"end":{"line":16,"column":5}},"line":12}},"branchMap":{},"s":{"0":4,"1":4,"2":4,"3":4,"4":4,"5":4},"f":{"0":4,"1":4},"b":{},"_coverageSchema":"1a1c01bbd47fc00a2c39e90264f33305004495a9","hash":"6734bf47ff76faf88c9c31a70640024488e43491"}
,"D:\\Brian\\Hacktiv8\\Phase 3\\FINAL PROJECT\\Final-Project-Holotiv8\\server\\models\\idol.js": {"path":"D:\\Brian\\Hacktiv8\\Phase 3\\FINAL PROJECT\\Final-Project-Holotiv8\\server\\models\\idol.js","statementMap":{"0":{"start":{"line":4,"column":4},"end":{"line":4,"column":24}},"1":{"start":{"line":5,"column":0},"end":{"line":37,"column":2}},"2":{"start":{"line":14,"column":6},"end":{"line":14,"column":35}},"3":{"start":{"line":15,"column":6},"end":{"line":15,"column":35}},"4":{"start":{"line":18,"column":2},"end":{"line":35,"column":5}},"5":{"start":{"line":36,"column":2},"end":{"line":36,"column":14}}},"fnMap":{"0":{"name":"(anonymous_0)","decl":{"start":{"line":5,"column":17},"end":{"line":5,"column":18}},"loc":{"start":{"line":5,"column":43},"end":{"line":37,"column":1}},"line":5},"1":{"name":"(anonymous_1)","decl":{"start":{"line":12,"column":4},"end":{"line":12,"column":5}},"loc":{"start":{"line":12,"column":29},"end":{"line":16,"column":5}},"line":12}},"branchMap":{},"s":{"0":4,"1":4,"2":4,"3":4,"4":4,"5":4},"f":{"0":4,"1":4},"b":{},"_coverageSchema":"1a1c01bbd47fc00a2c39e90264f33305004495a9","hash":"e7759235756ee91de7ba5884a51a46a7dacc4297"}
,"D:\\Brian\\Hacktiv8\\Phase 3\\FINAL PROJECT\\Final-Project-Holotiv8\\server\\models\\images.js": {"path":"D:\\Brian\\Hacktiv8\\Phase 3\\FINAL PROJECT\\Final-Project-Holotiv8\\server\\models\\images.js","statementMap":{"0":{"start":{"line":4,"column":4},"end":{"line":4,"column":24}},"1":{"start":{"line":5,"column":0},"end":{"line":25,"column":2}},"2":{"start":{"line":14,"column":6},"end":{"line":14,"column":39}},"3":{"start":{"line":17,"column":2},"end":{"line":23,"column":5}},"4":{"start":{"line":24,"column":2},"end":{"line":24,"column":16}}},"fnMap":{"0":{"name":"(anonymous_0)","decl":{"start":{"line":5,"column":17},"end":{"line":5,"column":18}},"loc":{"start":{"line":5,"column":43},"end":{"line":25,"column":1}},"line":5},"1":{"name":"(anonymous_1)","decl":{"start":{"line":12,"column":4},"end":{"line":12,"column":5}},"loc":{"start":{"line":12,"column":29},"end":{"line":15,"column":5}},"line":12}},"branchMap":{},"s":{"0":4,"1":4,"2":4,"3":4,"4":4},"f":{"0":4,"1":4},"b":{},"_coverageSchema":"1a1c01bbd47fc00a2c39e90264f33305004495a9","hash":"0cff1a57abe6df4a74989b80d6efe2e10cd4290b"}
,"D:\\Brian\\Hacktiv8\\Phase 3\\FINAL PROJECT\\Final-Project-Holotiv8\\server\\models\\index.js": {"path":"D:\\Brian\\Hacktiv8\\Phase 3\\FINAL PROJECT\\Final-Project-Holotiv8\\server\\models\\index.js","statementMap":{"0":{"start":{"line":3,"column":11},"end":{"line":3,"column":24}},"1":{"start":{"line":4,"column":13},"end":{"line":4,"column":28}},"2":{"start":{"line":5,"column":18},"end":{"line":5,"column":38}},"3":{"start":{"line":6,"column":16},"end":{"line":6,"column":34}},"4":{"start":{"line":7,"column":17},"end":{"line":7,"column":42}},"5":{"start":{"line":8,"column":12},"end":{"line":8,"column":49}},"6":{"start":{"line":9,"column":15},"end":{"line":9,"column":65}},"7":{"start":{"line":10,"column":11},"end":{"line":10,"column":13}},"8":{"start":{"line":13,"column":0},"end":{"line":17,"column":1}},"9":{"start":{"line":14,"column":2},"end":{"line":14,"column":74}},"10":{"start":{"line":16,"column":2},"end":{"line":16,"column":87}},"11":{"start":{"line":19,"column":0},"end":{"line":32,"column":5}},"12":{"start":{"line":22,"column":4},"end":{"line":27,"column":6}},"13":{"start":{"line":30,"column":18},"end":{"line":30,"column":85}},"14":{"start":{"line":31,"column":4},"end":{"line":31,"column":27}},"15":{"start":{"line":34,"column":0},"end":{"line":38,"column":3}},"16":{"start":{"line":35,"column":2},"end":{"line":37,"column":3}},"17":{"start":{"line":36,"column":4},"end":{"line":36,"column":32}},"18":{"start":{"line":40,"column":0},"end":{"line":40,"column":25}},"19":{"start":{"line":41,"column":0},"end":{"line":41,"column":25}},"20":{"start":{"line":43,"column":0},"end":{"line":43,"column":20}}},"fnMap":{"0":{"name":"(anonymous_0)","decl":{"start":{"line":21,"column":10},"end":{"line":21,"column":11}},"loc":{"start":{"line":21,"column":18},"end":{"line":28,"column":3}},"line":21},"1":{"name":"(anonymous_1)","decl":{"start":{"line":29,"column":11},"end":{"line":29,"column":12}},"loc":{"start":{"line":29,"column":19},"end":{"line":32,"column":3}},"line":29},"2":{"name":"(anonymous_2)","decl":{"start":{"line":34,"column":24},"end":{"line":34,"column":25}},"loc":{"start":{"line":34,"column":37},"end":{"line":38,"column":1}},"line":34}},"branchMap":{"0":{"loc":{"start":{"line":8,"column":12},"end":{"line":8,"column":49}},"type":"binary-expr","locations":[{"start":{"line":8,"column":12},"end":{"line":8,"column":32}},{"start":{"line":8,"column":36},"end":{"line":8,"column":49}}],"line":8},"1":{"loc":{"start":{"line":13,"column":0},"end":{"line":17,"column":1}},"type":"if","locations":[{"start":{"line":13,"column":0},"end":{"line":17,"column":1}},{"start":{"line":15,"column":7},"end":{"line":17,"column":1}}],"line":13},"2":{"loc":{"start":{"line":23,"column":6},"end":{"line":26,"column":37}},"type":"binary-expr","locations":[{"start":{"line":23,"column":6},"end":{"line":23,"column":29}},{"start":{"line":24,"column":6},"end":{"line":24,"column":23}},{"start":{"line":25,"column":6},"end":{"line":25,"column":30}},{"start":{"line":26,"column":6},"end":{"line":26,"column":37}}],"line":23},"3":{"loc":{"start":{"line":35,"column":2},"end":{"line":37,"column":3}},"type":"if","locations":[{"start":{"line":35,"column":2},"end":{"line":37,"column":3}},{"start":{},"end":{}}],"line":35}},"s":{"0":4,"1":4,"2":4,"3":4,"4":4,"5":4,"6":4,"7":4,"8":4,"9":0,"10":4,"11":4,"12":28,"13":24,"14":24,"15":4,"16":24,"17":24,"18":4,"19":4,"20":4},"f":{"0":28,"1":24,"2":24},"b":{"0":[4,0],"1":[0,4],"2":[28,28,24,24],"3":[24,0]},"_coverageSchema":"1a1c01bbd47fc00a2c39e90264f33305004495a9","hash":"2d41b1c5d1b154f636cba7cd2ce4dfb970598908"}
,"D:\\Brian\\Hacktiv8\\Phase 3\\FINAL PROJECT\\Final-Project-Holotiv8\\server\\models\\products.js": {"path":"D:\\Brian\\Hacktiv8\\Phase 3\\FINAL PROJECT\\Final-Project-Holotiv8\\server\\models\\products.js","statementMap":{"0":{"start":{"line":4,"column":4},"end":{"line":4,"column":24}},"1":{"start":{"line":5,"column":0},"end":{"line":27,"column":2}},"2":{"start":{"line":14,"column":6},"end":{"line":14,"column":37}},"3":{"start":{"line":17,"column":2},"end":{"line":25,"column":5}},"4":{"start":{"line":26,"column":2},"end":{"line":26,"column":18}}},"fnMap":{"0":{"name":"(anonymous_0)","decl":{"start":{"line":5,"column":17},"end":{"line":5,"column":18}},"loc":{"start":{"line":5,"column":43},"end":{"line":27,"column":1}},"line":5},"1":{"name":"(anonymous_1)","decl":{"start":{"line":12,"column":4},"end":{"line":12,"column":5}},"loc":{"start":{"line":12,"column":29},"end":{"line":15,"column":5}},"line":12}},"branchMap":{},"s":{"0":4,"1":4,"2":4,"3":4,"4":4},"f":{"0":4,"1":4},"b":{},"_coverageSchema":"1a1c01bbd47fc00a2c39e90264f33305004495a9","hash":"b497fa4ac044093036425d73bac3c5336608c5be"}
,"D:\\Brian\\Hacktiv8\\Phase 3\\FINAL PROJECT\\Final-Project-Holotiv8\\server\\models\\user.js": {"path":"D:\\Brian\\Hacktiv8\\Phase 3\\FINAL PROJECT\\Final-Project-Holotiv8\\server\\models\\user.js","statementMap":{"0":{"start":{"line":2,"column":18},"end":{"line":2,"column":38}},"1":{"start":{"line":3,"column":25},"end":{"line":3,"column":46}},"2":{"start":{"line":4,"column":0},"end":{"line":60,"column":2}},"3":{"start":{"line":13,"column":6},"end":{"line":13,"column":35}},"4":{"start":{"line":16,"column":2},"end":{"line":54,"column":4}},"5":{"start":{"line":55,"column":2},"end":{"line":58,"column":5}},"6":{"start":{"line":56,"column":4},"end":{"line":56,"column":48}},"7":{"start":{"line":57,"column":4},"end":{"line":57,"column":30}},"8":{"start":{"line":59,"column":2},"end":{"line":59,"column":14}}},"fnMap":{"0":{"name":"(anonymous_0)","decl":{"start":{"line":4,"column":17},"end":{"line":4,"column":18}},"loc":{"start":{"line":4,"column":43},"end":{"line":60,"column":1}},"line":4},"1":{"name":"(anonymous_1)","decl":{"start":{"line":11,"column":4},"end":{"line":11,"column":5}},"loc":{"start":{"line":11,"column":29},"end":{"line":14,"column":5}},"line":11},"2":{"name":"(anonymous_2)","decl":{"start":{"line":55,"column":20},"end":{"line":55,"column":21}},"loc":{"start":{"line":55,"column":30},"end":{"line":58,"column":3}},"line":55}},"branchMap":{},"s":{"0":4,"1":4,"2":4,"3":4,"4":4,"5":4,"6":2,"7":2,"8":4},"f":{"0":4,"1":4,"2":2},"b":{},"_coverageSchema":"1a1c01bbd47fc00a2c39e90264f33305004495a9","hash":"f8e8fcf81fc182fa7110a94d830fefc55f7cac88"}
,"D:\\Brian\\Hacktiv8\\Phase 3\\FINAL PROJECT\\Final-Project-Holotiv8\\server\\routers\\favoriteRoutes.js": {"path":"D:\\Brian\\Hacktiv8\\Phase 3\\FINAL PROJECT\\Final-Project-Holotiv8\\server\\routers\\favoriteRoutes.js","statementMap":{"0":{"start":{"line":1,"column":16},"end":{"line":1,"column":34}},"1":{"start":{"line":2,"column":27},"end":{"line":2,"column":71}},"2":{"start":{"line":3,"column":23},"end":{"line":3,"column":48}},"3":{"start":{"line":4,"column":15},"end":{"line":4,"column":31}},"4":{"start":{"line":6,"column":0},"end":{"line":6,"column":66}},"5":{"start":{"line":7,"column":0},"end":{"line":7,"column":73}},"6":{"start":{"line":9,"column":0},"end":{"line":9,"column":21}}},"fnMap":{},"branchMap":{},"s":{"0":4,"1":4,"2":4,"3":4,"4":4,"5":4,"6":4},"f":{},"b":{},"_coverageSchema":"1a1c01bbd47fc00a2c39e90264f33305004495a9","hash":"5f7f2a76119e02d2709e7d24af990ef94db96eef"}
,"D:\\Brian\\Hacktiv8\\Phase 3\\FINAL PROJECT\\Final-Project-Holotiv8\\server\\routers\\idolRoutes.js": {"path":"D:\\Brian\\Hacktiv8\\Phase 3\\FINAL PROJECT\\Final-Project-Holotiv8\\server\\routers\\idolRoutes.js","statementMap":{"0":{"start":{"line":1,"column":16},"end":{"line":1,"column":34}},"1":{"start":{"line":2,"column":23},"end":{"line":2,"column":63}},"2":{"start":{"line":3,"column":15},"end":{"line":3,"column":31}},"3":{"start":{"line":5,"column":0},"end":{"line":5,"column":39}},"4":{"start":{"line":6,"column":0},"end":{"line":6,"column":52}},"5":{"start":{"line":7,"column":0},"end":{"line":7,"column":47}},"6":{"start":{"line":8,"column":0},"end":{"line":8,"column":59}},"7":{"start":{"line":9,"column":0},"end":{"line":9,"column":59}},"8":{"start":{"line":10,"column":0},"end":{"line":10,"column":68}},"9":{"start":{"line":14,"column":0},"end":{"line":14,"column":23}}},"fnMap":{},"branchMap":{},"s":{"0":4,"1":4,"2":4,"3":4,"4":4,"5":4,"6":4,"7":4,"8":4,"9":4},"f":{},"b":{},"_coverageSchema":"1a1c01bbd47fc00a2c39e90264f33305004495a9","hash":"f1999580ef3cb8207c3fe31f0b30eaa71a4f1c36"}
,"D:\\Brian\\Hacktiv8\\Phase 3\\FINAL PROJECT\\Final-Project-Holotiv8\\server\\routers\\index.js": {"path":"D:\\Brian\\Hacktiv8\\Phase 3\\FINAL PROJECT\\Final-Project-Holotiv8\\server\\routers\\index.js","statementMap":{"0":{"start":{"line":1,"column":16},"end":{"line":1,"column":34}},"1":{"start":{"line":2,"column":15},"end":{"line":2,"column":31}},"2":{"start":{"line":3,"column":18},"end":{"line":3,"column":41}},"3":{"start":{"line":4,"column":22},"end":{"line":4,"column":48}},"4":{"start":{"line":5,"column":19},"end":{"line":5,"column":42}},"5":{"start":{"line":6,"column":23},"end":{"line":6,"column":50}},"6":{"start":{"line":8,"column":0},"end":{"line":8,"column":32}},"7":{"start":{"line":9,"column":0},"end":{"line":9,"column":39}},"8":{"start":{"line":10,"column":0},"end":{"line":10,"column":37}},"9":{"start":{"line":11,"column":0},"end":{"line":11,"column":33}},"10":{"start":{"line":13,"column":0},"end":{"line":13,"column":24}}},"fnMap":{},"branchMap":{},"s":{"0":4,"1":4,"2":4,"3":4,"4":4,"5":4,"6":4,"7":4,"8":4,"9":4,"10":4},"f":{},"b":{},"_coverageSchema":"1a1c01bbd47fc00a2c39e90264f33305004495a9","hash":"bf7206629689f36259fafa2e4d42fc7bd7eefa5a"}
,"D:\\Brian\\Hacktiv8\\Phase 3\\FINAL PROJECT\\Final-Project-Holotiv8\\server\\routers\\productRoutes.js": {"path":"D:\\Brian\\Hacktiv8\\Phase 3\\FINAL PROJECT\\Final-Project-Holotiv8\\server\\routers\\productRoutes.js","statementMap":{"0":{"start":{"line":1,"column":16},"end":{"line":1,"column":34}},"1":{"start":{"line":2,"column":26},"end":{"line":2,"column":69}},"2":{"start":{"line":3,"column":15},"end":{"line":3,"column":31}},"3":{"start":{"line":5,"column":0},"end":{"line":5,"column":38}},"4":{"start":{"line":6,"column":0},"end":{"line":6,"column":43}},"5":{"start":{"line":8,"column":0},"end":{"line":8,"column":21}}},"fnMap":{},"branchMap":{},"s":{"0":4,"1":4,"2":4,"3":4,"4":4,"5":4},"f":{},"b":{},"_coverageSchema":"1a1c01bbd47fc00a2c39e90264f33305004495a9","hash":"f31acfa45ae01cbff00a24d575ca151ab97ec8ec"}
,"D:\\Brian\\Hacktiv8\\Phase 3\\FINAL PROJECT\\Final-Project-Holotiv8\\server\\routers\\userRoutes.js": {"path":"D:\\Brian\\Hacktiv8\\Phase 3\\FINAL PROJECT\\Final-Project-Holotiv8\\server\\routers\\userRoutes.js","statementMap":{"0":{"start":{"line":1,"column":16},"end":{"line":1,"column":34}},"1":{"start":{"line":2,"column":23},"end":{"line":2,"column":62}},"2":{"start":{"line":3,"column":15},"end":{"line":3,"column":31}},"3":{"start":{"line":5,"column":0},"end":{"line":5,"column":50}},"4":{"start":{"line":6,"column":0},"end":{"line":6,"column":44}},"5":{"start":{"line":8,"column":0},"end":{"line":8,"column":24}}},"fnMap":{},"branchMap":{},"s":{"0":4,"1":4,"2":4,"3":4,"4":4,"5":4},"f":{},"b":{},"_coverageSchema":"1a1c01bbd47fc00a2c39e90264f33305004495a9","hash":"fbb53ea57fcf97e9e228ee9f1d2eb3c74d08fdd1"}
}
