TN:
SF:app.js
FNF:0
FNH:0
DA:1,7
DA:2,7
DA:5,7
DA:6,7
DA:7,7
DA:8,7
DA:9,7
DA:10,7
DA:12,7
DA:13,7
DA:14,7
DA:16,7
DA:17,7
DA:23,7
LF:14
LH:14
BRDA:1,0,0,7
BRDA:1,0,1,0
BRDA:7,1,0,7
BRDA:7,1,1,7
BRF:4
BRH:3
end_of_record
TN:
SF:controllers\IdolController.js
FN:7,(anonymous_0)
FN:26,(anonymous_1)
FN:41,(anonymous_2)
FN:66,(anonymous_3)
FN:78,(anonymous_4)
FN:88,(anonymous_5)
FN:102,(anonymous_6)
FN:106,(anonymous_7)
FN:110,(anonymous_8)
FN:124,(anonymous_9)
FN:128,(anonymous_10)
FNF:11
FNH:7
FNDA:3,(anonymous_0)
FNDA:1,(anonymous_1)
FNDA:2,(anonymous_2)
FNDA:2,(anonymous_3)
FNDA:2,(anonymous_4)
FNDA:1,(anonymous_5)
FNDA:1,(anonymous_6)
FNDA:0,(anonymous_7)
FNDA:0,(anonymous_8)
FNDA:0,(anonymous_9)
FNDA:0,(anonymous_10)
DA:1,7
DA:2,7
DA:3,7
DA:4,7
DA:8,3
DA:9,3
DA:25,3
DA:26,1
DA:30,1
DA:34,3
DA:35,3
DA:36,2
DA:38,1
DA:42,2
DA:43,2
DA:44,2
DA:58,2
DA:59,1
DA:61,1
DA:63,1
DA:67,2
DA:68,2
DA:73,1
DA:75,1
DA:79,2
DA:80,2
DA:81,2
DA:82,1
DA:84,1
DA:85,1
DA:89,1
DA:90,1
DA:100,1
DA:103,1
DA:104,1
DA:107,0
DA:111,0
DA:112,0
DA:122,0
DA:125,0
DA:126,0
DA:129,0
DA:134,7
LF:43
LH:36
BRDA:25,0,0,1
BRDA:25,0,1,2
BRDA:25,1,0,3
BRDA:25,1,1,3
BRDA:58,2,0,1
BRDA:58,2,1,1
BRF:6
BRH:6
end_of_record
TN:
SF:controllers\UserContoller.js
FN:5,(anonymous_0)
FN:19,(anonymous_1)
FN:40,(anonymous_2)
FNF:3
FNH:2
FNDA:10,(anonymous_0)
FNDA:5,(anonymous_1)
FNDA:0,(anonymous_2)
DA:1,7
DA:2,7
DA:6,10
DA:7,10
DA:8,10
DA:13,1
DA:15,9
DA:20,5
DA:21,5
DA:22,5
DA:23,5
DA:24,2
DA:27,3
DA:28,3
DA:29,1
DA:32,2
DA:33,2
DA:34,2
DA:36,3
DA:41,0
DA:42,0
DA:43,0
DA:49,0
DA:51,0
DA:55,7
LF:25
LH:20
BRDA:23,0,0,2
BRDA:23,0,1,3
BRDA:28,1,0,1
BRDA:28,1,1,2
BRF:4
BRH:4
end_of_record
TN:
SF:controllers\favoriteController.js
FN:4,(anonymous_0)
FN:22,(anonymous_1)
FN:48,(anonymous_2)
FNF:3
FNH:2
FNDA:2,(anonymous_0)
FNDA:1,(anonymous_1)
FNDA:0,(anonymous_2)
DA:1,7
DA:5,2
DA:6,2
DA:7,2
DA:10,2
DA:11,1
DA:13,1
DA:14,1
DA:15,1
DA:19,1
DA:23,1
DA:24,1
DA:25,1
DA:47,1
DA:48,0
DA:52,0
DA:56,1
DA:57,1
DA:58,1
DA:60,0
DA:65,7
LF:21
LH:18
BRDA:10,0,0,1
BRDA:10,0,1,1
BRDA:47,1,0,0
BRDA:47,1,1,1
BRDA:47,2,0,1
BRDA:47,2,1,1
BRF:6
BRH:5
end_of_record
TN:
SF:controllers\paymentController.js
FN:5,(anonymous_0)
FNF:1
FNH:0
FNDA:0,(anonymous_0)
DA:1,7
DA:2,7
DA:6,0
DA:7,0
DA:8,0
DA:9,0
DA:12,0
DA:18,0
DA:32,0
DA:33,0
DA:35,0
DA:39,7
LF:12
LH:3
BRDA:8,0,0,0
BRDA:8,0,1,0
BRF:2
BRH:0
end_of_record
TN:
SF:controllers\productController.js
FN:4,(anonymous_0)
FN:19,(anonymous_1)
FNF:2
FNH:2
FNDA:2,(anonymous_0)
FNDA:2,(anonymous_1)
DA:1,7
DA:5,2
DA:6,2
DA:14,1
DA:16,1
DA:20,2
DA:21,2
DA:22,2
DA:25,2
DA:26,1
DA:28,1
DA:30,1
DA:35,7
LF:13
LH:13
BRDA:25,0,0,1
BRDA:25,0,1,1
BRF:2
BRH:2
end_of_record
TN:
SF:helpers\index.js
FN:4,(anonymous_0)
FN:5,(anonymous_1)
FN:8,(anonymous_2)
FN:9,(anonymous_3)
FNF:4
FNH:4
FNDA:5,(anonymous_0)
FNDA:3,(anonymous_1)
FNDA:2,(anonymous_2)
FNDA:4,(anonymous_3)
DA:1,7
DA:2,7
DA:4,7
DA:5,7
DA:6,3
DA:8,7
DA:9,7
DA:11,7
LF:8
LH:8
BRF:0
BRH:0
end_of_record
TN:
SF:helpers\spotify.js
FN:4,(anonymous_0)
FNF:1
FNH:0
FNDA:0,(anonymous_0)
DA:1,4
DA:4,4
DA:5,0
DA:14,0
DA:16,0
DA:19,4
LF:6
LH:3
BRF:0
BRH:0
end_of_record
TN:
SF:middlewares\errorHandler.js
FN:1,(anonymous_0)
FNF:1
FNH:1
FNDA:21,(anonymous_0)
DA:1,7
DA:2,21
DA:3,21
DA:4,21
DA:6,3
DA:7,3
DA:8,3
DA:11,9
DA:12,9
DA:13,9
DA:15,0
DA:16,0
DA:17,0
DA:20,2
DA:21,2
DA:22,2
DA:24,3
DA:25,3
DA:26,3
DA:28,21
LF:20
LH:17
BRDA:4,0,0,3
BRDA:4,0,1,8
BRDA:4,0,2,9
BRDA:4,0,3,0
BRDA:4,0,4,1
BRDA:4,0,5,2
BRDA:4,0,6,3
BRF:7
BRH:6
end_of_record
TN:
SF:middlewares\index.js
FN:4,authentication
FNF:1
FNH:1
FNDA:5,authentication
DA:1,7
DA:2,7
DA:5,5
DA:6,5
DA:8,5
DA:9,1
DA:12,4
DA:14,3
DA:15,0
DA:18,3
DA:20,3
DA:21,0
DA:24,3
DA:30,3
DA:32,2
DA:36,7
LF:16
LH:14
BRDA:8,0,0,1
BRDA:8,0,1,4
BRDA:14,1,0,0
BRDA:14,1,1,3
BRDA:20,2,0,0
BRDA:20,2,1,3
BRF:6
BRH:4
end_of_record
TN:
SF:models\branch.js
FN:5,(anonymous_0)
FN:12,(anonymous_1)
FNF:2
FNH:2
FNDA:7,(anonymous_0)
FNDA:7,(anonymous_1)
DA:4,7
DA:5,7
DA:14,7
DA:17,7
DA:23,7
LF:5
LH:5
BRF:0
BRH:0
end_of_record
TN:
SF:models\favorite.js
FN:5,(anonymous_0)
FN:12,(anonymous_1)
FNF:2
FNH:2
FNDA:7,(anonymous_0)
FNDA:7,(anonymous_1)
DA:4,7
DA:5,7
DA:14,7
DA:15,7
DA:18,7
DA:25,7
LF:6
LH:6
BRF:0
BRH:0
end_of_record
TN:
SF:models\idol.js
FN:5,(anonymous_0)
FN:12,(anonymous_1)
FNF:2
FNH:2
FNDA:7,(anonymous_0)
FNDA:7,(anonymous_1)
DA:4,7
DA:5,7
DA:14,7
DA:15,7
DA:16,7
DA:19,7
DA:37,7
LF:7
LH:7
BRF:0
BRH:0
end_of_record
TN:
SF:models\index.js
FN:21,(anonymous_0)
FN:29,(anonymous_1)
FN:34,(anonymous_2)
FNF:3
FNH:3
FNDA:42,(anonymous_0)
FNDA:35,(anonymous_1)
FNDA:35,(anonymous_2)
DA:3,7
DA:4,7
DA:5,7
DA:6,7
DA:7,7
DA:8,7
DA:9,7
DA:10,7
DA:13,7
DA:14,0
DA:16,7
DA:19,7
DA:22,42
DA:30,35
DA:31,35
DA:34,7
DA:35,35
DA:36,35
DA:40,7
DA:41,7
DA:43,7
LF:21
LH:20
BRDA:8,0,0,7
BRDA:8,0,1,0
BRDA:13,1,0,0
BRDA:13,1,1,7
BRDA:23,2,0,42
BRDA:23,2,1,42
BRDA:23,2,2,35
BRDA:23,2,3,35
BRDA:35,3,0,35
BRDA:35,3,1,0
BRF:10
BRH:7
end_of_record
TN:
SF:models\products.js
FN:5,(anonymous_0)
FN:12,(anonymous_1)
FNF:2
FNH:2
FNDA:7,(anonymous_0)
FNDA:7,(anonymous_1)
DA:4,7
DA:5,7
DA:14,7
DA:17,7
DA:27,7
LF:5
LH:5
BRF:0
BRH:0
end_of_record
TN:
SF:models\user.js
FN:4,(anonymous_0)
FN:11,(anonymous_1)
FN:55,(anonymous_2)
FNF:3
FNH:3
FNDA:7,(anonymous_0)
FNDA:7,(anonymous_1)
FNDA:2,(anonymous_2)
DA:2,7
DA:3,7
DA:4,7
DA:13,7
DA:16,7
DA:55,7
DA:56,2
DA:57,2
DA:59,7
LF:9
LH:9
BRF:0
BRH:0
end_of_record
TN:
SF:routers\favoriteRoutes.js
FNF:0
FNH:0
DA:1,7
DA:2,7
DA:3,7
DA:4,7
DA:6,7
DA:7,7
DA:9,7
LF:7
LH:7
BRF:0
BRH:0
end_of_record
TN:
SF:routers\idolRoutes.js
FNF:0
FNH:0
DA:1,7
DA:2,7
DA:3,7
DA:5,7
DA:6,7
DA:7,7
DA:8,7
DA:9,7
DA:10,7
DA:14,7
LF:10
LH:10
BRF:0
BRH:0
end_of_record
TN:
SF:routers\index.js
FNF:0
FNH:0
DA:1,7
DA:2,7
DA:3,7
DA:4,7
DA:5,7
DA:6,7
DA:7,7
DA:9,7
DA:10,7
DA:11,7
DA:12,7
DA:13,7
DA:15,7
LF:13
LH:13
BRF:0
BRH:0
end_of_record
TN:
SF:routers\paymentRoutes.js
FNF:0
FNH:0
DA:1,7
DA:2,7
DA:3,7
DA:4,7
DA:6,7
DA:8,7
LF:6
LH:6
BRF:0
BRH:0
end_of_record
TN:
SF:routers\productRoutes.js
FNF:0
FNH:0
DA:1,7
DA:2,7
DA:3,7
DA:5,7
DA:6,7
DA:8,7
LF:6
LH:6
BRF:0
BRH:0
end_of_record
TN:
SF:routers\userRoutes.js
FNF:0
FNH:0
DA:1,7
DA:2,7
DA:3,7
DA:5,7
DA:6,7
DA:7,7
DA:9,7
LF:7
LH:7
BRF:0
BRH:0
end_of_record
