TN:
SF:app.js
FNF:0
FNH:0
DA:1,10
DA:2,10
DA:5,10
DA:6,10
DA:7,10
DA:8,10
DA:9,10
DA:10,10
DA:12,10
DA:13,10
DA:14,10
DA:16,10
DA:17,10
DA:23,10
LF:14
LH:14
BRDA:1,0,0,10
BRDA:1,0,1,0
BRDA:7,1,0,10
BRDA:7,1,1,10
BRF:4
BRH:3
end_of_record
TN:
SF:controllers\IdolController.js
FN:9,(anonymous_0)
FN:28,(anonymous_1)
FN:43,(anonymous_2)
FN:68,(anonymous_3)
FN:80,(anonymous_4)
FN:89,(anonymous_5)
FN:98,(anonymous_6)
FNF:7
FNH:7
FNDA:3,(anonymous_0)
FNDA:1,(anonymous_1)
FNDA:2,(anonymous_2)
FNDA:2,(anonymous_3)
FNDA:2,(anonymous_4)
FNDA:2,(anonymous_5)
FNDA:2,(anonymous_6)
DA:1,10
DA:2,10
DA:3,10
DA:4,10
DA:5,10
DA:6,10
DA:10,3
DA:11,3
DA:27,3
DA:28,1
DA:32,1
DA:36,3
DA:37,3
DA:38,2
DA:40,1
DA:44,2
DA:45,2
DA:46,2
DA:60,2
DA:61,1
DA:63,1
DA:65,1
DA:69,2
DA:70,2
DA:75,1
DA:77,1
DA:81,2
DA:82,2
DA:83,2
DA:84,1
DA:86,1
DA:90,2
DA:91,2
DA:92,2
DA:93,1
DA:95,1
DA:99,2
DA:101,2
DA:102,2
DA:103,1
DA:105,1
DA:110,10
LF:42
LH:42
BRDA:27,0,0,1
BRDA:27,0,1,2
BRDA:27,1,0,3
BRDA:27,1,1,3
BRDA:60,2,0,1
BRDA:60,2,1,1
BRF:6
BRH:6
end_of_record
TN:
SF:controllers\UserContoller.js
FN:5,(anonymous_0)
FN:19,(anonymous_1)
FN:40,(anonymous_2)
FNF:3
FNH:2
FNDA:10,(anonymous_0)
FNDA:5,(anonymous_1)
FNDA:0,(anonymous_2)
DA:1,10
DA:2,10
DA:6,10
DA:7,10
DA:8,10
DA:13,1
DA:15,9
DA:20,5
DA:21,5
DA:22,5
DA:23,5
DA:24,2
DA:27,3
DA:28,3
DA:29,1
DA:32,2
DA:33,2
DA:34,2
DA:36,3
DA:41,0
DA:42,0
DA:43,0
DA:49,0
DA:51,0
DA:55,10
LF:25
LH:20
BRDA:23,0,0,2
BRDA:23,0,1,3
BRDA:28,1,0,1
BRDA:28,1,1,2
BRF:4
BRH:4
end_of_record
TN:
SF:controllers\favoriteController.js
FN:5,(anonymous_0)
FN:23,(anonymous_1)
FN:49,(anonymous_2)
FNF:3
FNH:3
FNDA:2,(anonymous_0)
FNDA:3,(anonymous_1)
FNDA:1,(anonymous_2)
DA:1,10
DA:2,10
DA:6,2
DA:7,2
DA:8,2
DA:11,2
DA:12,1
DA:14,1
DA:15,1
DA:16,1
DA:20,1
DA:24,3
DA:25,3
DA:26,3
DA:48,3
DA:49,1
DA:53,1
DA:57,3
DA:58,3
DA:59,2
DA:61,1
DA:66,10
LF:22
LH:22
BRDA:11,0,0,1
BRDA:11,0,1,1
BRDA:48,1,0,1
BRDA:48,1,1,2
BRDA:48,2,0,3
BRDA:48,2,1,3
BRF:6
BRH:6
end_of_record
TN:
SF:controllers\paymentController.js
FN:5,(anonymous_0)
FNF:1
FNH:0
FNDA:0,(anonymous_0)
DA:1,10
DA:2,10
DA:6,0
DA:7,0
DA:8,0
DA:9,0
DA:12,0
DA:18,0
DA:32,0
DA:33,0
DA:35,0
DA:39,10
LF:12
LH:3
BRDA:8,0,0,0
BRDA:8,0,1,0
BRF:2
BRH:0
end_of_record
TN:
SF:controllers\productController.js
FN:4,(anonymous_0)
FN:19,(anonymous_1)
FNF:2
FNH:2
FNDA:2,(anonymous_0)
FNDA:2,(anonymous_1)
DA:1,10
DA:5,2
DA:6,2
DA:14,1
DA:16,1
DA:20,2
DA:21,2
DA:22,2
DA:25,2
DA:26,1
DA:28,1
DA:30,1
DA:35,10
LF:13
LH:13
BRDA:25,0,0,1
BRDA:25,0,1,1
BRF:2
BRH:2
end_of_record
TN:
SF:helpers\index.js
FN:4,(anonymous_0)
FN:5,(anonymous_1)
FN:8,(anonymous_2)
FN:9,(anonymous_3)
FNF:4
FNH:4
FNDA:5,(anonymous_0)
FNDA:3,(anonymous_1)
FNDA:2,(anonymous_2)
FNDA:7,(anonymous_3)
DA:1,10
DA:2,10
DA:4,10
DA:5,10
DA:6,3
DA:8,10
DA:9,10
DA:11,10
LF:8
LH:8
BRF:0
BRH:0
end_of_record
TN:
SF:helpers\spotify.js
FN:4,(anonymous_0)
FNF:1
FNH:0
FNDA:0,(anonymous_0)
DA:1,8
DA:4,8
DA:5,0
DA:14,0
DA:16,0
DA:19,8
LF:6
LH:3
BRF:0
BRH:0
end_of_record
TN:
SF:helpers\youtube.js
FN:4,(anonymous_0)
FNF:1
FNH:0
FNDA:0,(anonymous_0)
DA:1,8
DA:4,8
DA:5,0
DA:14,0
DA:16,0
DA:19,8
LF:6
LH:3
BRF:0
BRH:0
end_of_record
TN:
SF:helpers\youtubeLive.js
FN:3,(anonymous_0)
FNF:1
FNH:0
FNDA:0,(anonymous_0)
DA:1,8
DA:3,8
DA:4,0
DA:13,0
DA:15,0
DA:18,8
LF:6
LH:3
BRF:0
BRH:0
end_of_record
TN:
SF:middlewares\errorHandler.js
FN:1,(anonymous_0)
FNF:1
FNH:1
FNDA:25,(anonymous_0)
DA:1,10
DA:2,25
DA:3,25
DA:4,25
DA:5,25
DA:7,3
DA:8,3
DA:9,3
DA:12,9
DA:13,9
DA:14,9
DA:16,0
DA:17,0
DA:18,0
DA:21,3
DA:22,3
DA:23,3
DA:25,3
DA:26,3
DA:27,3
DA:29,25
LF:21
LH:18
BRDA:5,0,0,3
BRDA:5,0,1,8
BRDA:5,0,2,9
BRDA:5,0,3,0
BRDA:5,0,4,2
BRDA:5,0,5,3
BRDA:5,0,6,3
BRF:7
BRH:6
end_of_record
TN:
SF:middlewares\index.js
FN:4,authentication
FNF:1
FNH:1
FNDA:8,authentication
DA:1,10
DA:2,10
DA:5,8
DA:6,8
DA:7,8
DA:8,8
DA:9,1
DA:12,7
DA:18,6
DA:20,6
DA:21,1
DA:24,5
DA:30,5
DA:32,3
DA:36,10
LF:15
LH:15
BRDA:8,0,0,1
BRDA:8,0,1,7
BRDA:20,1,0,1
BRDA:20,1,1,5
BRF:4
BRH:4
end_of_record
TN:
SF:models\branch.js
FN:5,(anonymous_0)
FN:12,(anonymous_1)
FNF:2
FNH:2
FNDA:10,(anonymous_0)
FNDA:10,(anonymous_1)
DA:4,10
DA:5,10
DA:14,10
DA:17,10
DA:23,10
LF:5
LH:5
BRF:0
BRH:0
end_of_record
TN:
SF:models\favorite.js
FN:5,(anonymous_0)
FN:12,(anonymous_1)
FNF:2
FNH:2
FNDA:10,(anonymous_0)
FNDA:10,(anonymous_1)
DA:4,10
DA:5,10
DA:14,10
DA:15,10
DA:18,10
DA:25,10
LF:6
LH:6
BRF:0
BRH:0
end_of_record
TN:
SF:models\idol.js
FN:5,(anonymous_0)
FN:12,(anonymous_1)
FNF:2
FNH:2
FNDA:10,(anonymous_0)
FNDA:10,(anonymous_1)
DA:4,10
DA:5,10
DA:14,10
DA:15,10
DA:16,10
DA:19,10
DA:37,10
LF:7
LH:7
BRF:0
BRH:0
end_of_record
TN:
SF:models\index.js
FN:21,(anonymous_0)
FN:29,(anonymous_1)
FN:34,(anonymous_2)
FNF:3
FNH:3
FNDA:60,(anonymous_0)
FNDA:50,(anonymous_1)
FNDA:50,(anonymous_2)
DA:3,10
DA:4,10
DA:5,10
DA:6,10
DA:7,10
DA:8,10
DA:9,10
DA:10,10
DA:13,10
DA:14,0
DA:16,10
DA:19,10
DA:22,60
DA:30,50
DA:31,50
DA:34,10
DA:35,50
DA:36,50
DA:40,10
DA:41,10
DA:43,10
LF:21
LH:20
BRDA:8,0,0,10
BRDA:8,0,1,0
BRDA:13,1,0,0
BRDA:13,1,1,10
BRDA:23,2,0,60
BRDA:23,2,1,60
BRDA:23,2,2,50
BRDA:23,2,3,50
BRDA:35,3,0,50
BRDA:35,3,1,0
BRF:10
BRH:7
end_of_record
TN:
SF:models\products.js
FN:5,(anonymous_0)
FN:12,(anonymous_1)
FNF:2
FNH:2
FNDA:10,(anonymous_0)
FNDA:10,(anonymous_1)
DA:4,10
DA:5,10
DA:14,10
DA:17,10
DA:27,10
LF:5
LH:5
BRF:0
BRH:0
end_of_record
TN:
SF:models\user.js
FN:4,(anonymous_0)
FN:11,(anonymous_1)
FN:55,(anonymous_2)
FNF:3
FNH:3
FNDA:10,(anonymous_0)
FNDA:10,(anonymous_1)
FNDA:2,(anonymous_2)
DA:2,10
DA:3,10
DA:4,10
DA:13,10
DA:16,10
DA:55,10
DA:56,2
DA:57,2
DA:59,10
LF:9
LH:9
BRF:0
BRH:0
end_of_record
TN:
SF:routers\favoriteRoutes.js
FNF:0
FNH:0
DA:1,10
DA:2,10
DA:3,10
DA:4,10
DA:6,10
DA:7,10
DA:9,10
LF:7
LH:7
BRF:0
BRH:0
end_of_record
TN:
SF:routers\idolRoutes.js
FNF:0
FNH:0
DA:1,10
DA:2,10
DA:3,10
DA:5,10
DA:6,10
DA:7,10
DA:8,10
DA:9,10
DA:10,10
DA:14,10
LF:10
LH:10
BRF:0
BRH:0
end_of_record
TN:
SF:routers\index.js
FNF:0
FNH:0
DA:1,10
DA:2,10
DA:3,10
DA:4,10
DA:5,10
DA:6,10
DA:7,10
DA:9,10
DA:10,10
DA:11,10
DA:12,10
DA:13,10
DA:15,10
LF:13
LH:13
BRF:0
BRH:0
end_of_record
TN:
SF:routers\paymentRoutes.js
FNF:0
FNH:0
DA:1,10
DA:2,10
DA:3,10
DA:4,10
DA:6,10
DA:8,10
LF:6
LH:6
BRF:0
BRH:0
end_of_record
TN:
SF:routers\productRoutes.js
FNF:0
FNH:0
DA:1,10
DA:2,10
DA:3,10
DA:5,10
DA:6,10
DA:8,10
LF:6
LH:6
BRF:0
BRH:0
end_of_record
TN:
SF:routers\userRoutes.js
FNF:0
FNH:0
DA:1,10
DA:2,10
DA:3,10
DA:5,10
DA:6,10
DA:7,10
DA:9,10
LF:7
LH:7
BRF:0
BRH:0
end_of_record
